#
# There is insufficient memory for the Java Runtime Environment to continue.
# Native memory allocation (mmap) failed to map 199229440 bytes for G1 virtual space
# Possible reasons:
#   The system is out of physical RAM or swap space
#   The process is running with CompressedOops enabled, and the Java Heap may be blocking the growth of the native heap
# Possible solutions:
#   Reduce memory load on the system
#   Increase physical memory or swap space
#   Check if swap backing store is full
#   Decrease Java heap size (-Xmx/-Xms)
#   Decrease number of Java threads
#   Decrease Java thread stack sizes (-Xss)
#   Set larger code cache with -XX:ReservedCodeCacheSize=
#   JVM is running with Zero Based Compressed Oops mode in which the Java heap is
#     placed in the first 32GB address space. The Java Heap base address is the
#     maximum limit for the native heap growth. Please use -XX:HeapBaseMinAddress
#     to set the Java Heap base and to place the Java Heap above 32GB virtual address.
# This output file may be truncated or incomplete.
#
#  Out of Memory Error (os_windows.cpp:3550), pid=15400, tid=22676
#
# JRE version:  (17.0.6+9) (build )
# Java VM: Java HotSpot(TM) 64-Bit Server VM (17.0.6+9-LTS-190, mixed mode, sharing, tiered, compressed oops, compressed class ptrs, g1 gc, windows-amd64)
# No core dump will be written. Minidumps are not enabled by default on client versions of Windows
#

---------------  S U M M A R Y ------------

Command Line: C:\Users\marco\AppData\Local\Temp\surefire3532646807370187883\surefirebooter-20240513215606288_3.jar C:\Users\marco\AppData\Local\Temp\surefire3532646807370187883 2024-05-13T21-56-05_890-jvmRun1 surefire-20240513215606288_1tmp surefire_0-20240513215606288_2tmp

Host: 11th Gen Intel(R) Core(TM) i3-1115G4 @ 3.00GHz, 4 cores, 11G,  Windows 11 , 64 bit Build 22621 (10.0.22621.3374)
Time: Mon May 13 21:56:06 2024 Hora Padrão de Buenos Aires elapsed time: 0.013742 seconds (0d 0h 0m 0s)

---------------  T H R E A D  ---------------

Current thread (0x00000218ff88bfd0):  JavaThread "Unknown thread" [_thread_in_vm, id=22676, stack(0x000000a9ee900000,0x000000a9eea00000)]

Stack: [0x000000a9ee900000,0x000000a9eea00000]
Native frames: (J=compiled Java code, j=interpreted, Vv=VM code, C=native code)
V  [jvm.dll+0x6734ea]
V  [jvm.dll+0x7d18f4]
V  [jvm.dll+0x7d309e]
V  [jvm.dll+0x7d3703]
V  [jvm.dll+0x2433c5]
V  [jvm.dll+0x6703f9]
V  [jvm.dll+0x664d32]
V  [jvm.dll+0x300086]
V  [jvm.dll+0x307606]
V  [jvm.dll+0x356c1e]
V  [jvm.dll+0x356e4f]
V  [jvm.dll+0x2d72e8]
V  [jvm.dll+0x2d8254]
V  [jvm.dll+0x7a33b1]
V  [jvm.dll+0x3647f1]
V  [jvm.dll+0x782839]
V  [jvm.dll+0x3e757f]
V  [jvm.dll+0x3e9001]
C  [jli.dll+0x5297]
C  [ucrtbase.dll+0x29333]
C  [KERNEL32.DLL+0x1257d]
C  [ntdll.dll+0x5aa48]


---------------  P R O C E S S  ---------------

Threads class SMR info:
_java_thread_list=0x00007fff0d6be958, length=0, elements={
}

Java Threads: ( => current thread )

Other Threads:
  0x00000218ff8dfce0 GCTaskThread "GC Thread#0" [stack: 0x000000a9eea00000,0x000000a9eeb00000] [id=19328]
  0x00000218ff8ec8f0 ConcurrentGCThread "G1 Main Marker" [stack: 0x000000a9eeb00000,0x000000a9eec00000] [id=18740]
  0x00000218ff8edaa0 ConcurrentGCThread "G1 Conc#0" [stack: 0x000000a9eec00000,0x000000a9eed00000] [id=4116]

[error occurred during error reporting (printing all threads), id 0xc0000005, EXCEPTION_ACCESS_VIOLATION (0xc0000005) at pc=0x00007fff0cef7f07]

VM state: not at safepoint (not fully initialized)

VM Mutex/Monitor currently owned by a thread:  ([mutex/lock_event])
[0x00000218ff886e70] Heap_lock - owner thread: 0x00000218ff88bfd0

Heap address: 0x0000000743200000, size: 3022 MB, Compressed Oops mode: Zero based, Oop shift amount: 3

CDS archive(s) mapped at: [0x0000000000000000-0x0000000000000000-0x0000000000000000), size 0, SharedBaseAddress: 0x0000000800000000, ArchiveRelocationMode: 0.
Narrow klass base: 0x0000000000000000, Narrow klass shift: 0, Narrow klass range: 0x0

GC Precious Log:
<Empty>

Heap:
 garbage-first heap   total 0K, used 0K [0x0000000743200000, 0x0000000800000000)
  region size 2048K, 0 young (0K), 0 survivors (0K)

[error occurred during error reporting (printing heap information), id 0xc0000005, EXCEPTION_ACCESS_VIOLATION (0xc0000005) at pc=0x00007fff0d2dc759]

GC Heap History (0 events):
No events

Deoptimization events (0 events):
No events

Classes unloaded (0 events):
No events

Classes redefined (0 events):
No events

Internal exceptions (0 events):
No events

VM Operations (0 events):
No events

Events (1 events):
Event: 0.007 Loaded shared library C:\Program Files\Java\jdk-17\bin\java.dll


Dynamic libraries:
0x00007ff6da330000 - 0x00007ff6da340000 	C:\Program Files\Java\jdk-17\bin\java.exe
0x00007fff634d0000 - 0x00007fff636e6000 	C:\WINDOWS\SYSTEM32\ntdll.dll
0x00007fff61fe0000 - 0x00007fff620a4000 	C:\WINDOWS\System32\KERNEL32.DLL
0x00007fff60ad0000 - 0x00007fff60e77000 	C:\WINDOWS\System32\KERNELBASE.dll
0x00007fff60e80000 - 0x00007fff60f91000 	C:\WINDOWS\System32\ucrtbase.dll
0x00007fff50570000 - 0x00007fff50588000 	C:\Program Files\Java\jdk-17\bin\jli.dll
0x00007fff4fc70000 - 0x00007fff4fc8b000 	C:\Program Files\Java\jdk-17\bin\VCRUNTIME140.dll
0x00007fff62560000 - 0x00007fff62612000 	C:\WINDOWS\System32\ADVAPI32.dll
0x00007fff62eb0000 - 0x00007fff62f57000 	C:\WINDOWS\System32\msvcrt.dll
0x00007fff614e0000 - 0x00007fff61588000 	C:\WINDOWS\System32\sechost.dll
0x00007fff611d0000 - 0x00007fff611f8000 	C:\WINDOWS\System32\bcrypt.dll
0x00007fff61b80000 - 0x00007fff61c95000 	C:\WINDOWS\System32\RPCRT4.dll
0x00007fff61cd0000 - 0x00007fff61e7e000 	C:\WINDOWS\System32\USER32.dll
0x00007fff60aa0000 - 0x00007fff60ac6000 	C:\WINDOWS\System32\win32u.dll
0x00007fff61ca0000 - 0x00007fff61cc9000 	C:\WINDOWS\System32\GDI32.dll
0x00007fff608e0000 - 0x00007fff609f9000 	C:\WINDOWS\System32\gdi32full.dll
0x00007fff60a00000 - 0x00007fff60a9a000 	C:\WINDOWS\System32\msvcp_win.dll
0x00007fff46fb0000 - 0x00007fff47243000 	C:\WINDOWS\WinSxS\amd64_microsoft.windows.common-controls_6595b64144ccf1df_6.0.22621.3235_none_270f74e173860f98\COMCTL32.dll
0x00007fff50220000 - 0x00007fff5022a000 	C:\WINDOWS\SYSTEM32\VERSION.dll
0x00007fff61200000 - 0x00007fff61231000 	C:\WINDOWS\System32\IMM32.DLL
0x00007fff5d7b0000 - 0x00007fff5d7bc000 	C:\Program Files\Java\jdk-17\bin\vcruntime140_1.dll
0x00007fff301d0000 - 0x00007fff3025e000 	C:\Program Files\Java\jdk-17\bin\msvcp140.dll
0x00007fff0cc10000 - 0x00007fff0d7e7000 	C:\Program Files\Java\jdk-17\bin\server\jvm.dll
0x00007fff62e80000 - 0x00007fff62e88000 	C:\WINDOWS\System32\PSAPI.DLL
0x00007fff3e750000 - 0x00007fff3e759000 	C:\WINDOWS\SYSTEM32\WSOCK32.dll
0x00007fff620b0000 - 0x00007fff62121000 	C:\WINDOWS\System32\WS2_32.dll
0x00007fff56260000 - 0x00007fff56294000 	C:\WINDOWS\SYSTEM32\WINMM.dll
0x00007fff5f800000 - 0x00007fff5f818000 	C:\WINDOWS\SYSTEM32\kernel.appcore.dll
0x00007fff4fc60000 - 0x00007fff4fc6a000 	C:\Program Files\Java\jdk-17\bin\jimage.dll
0x00007fff58080000 - 0x00007fff582b3000 	C:\WINDOWS\SYSTEM32\DBGHELP.DLL
0x00007fff617f0000 - 0x00007fff61b78000 	C:\WINDOWS\System32\combase.dll
0x00007fff62300000 - 0x00007fff623d7000 	C:\WINDOWS\System32\OLEAUT32.dll
0x00007fff3e330000 - 0x00007fff3e362000 	C:\WINDOWS\SYSTEM32\dbgcore.DLL
0x00007fff60860000 - 0x00007fff608d9000 	C:\WINDOWS\System32\bcryptPrimitives.dll
0x00007fff45840000 - 0x00007fff45865000 	C:\Program Files\Java\jdk-17\bin\java.dll

dbghelp: loaded successfully - version: 4.0.5 - missing functions: none
symbol engine: initialized successfully - sym options: 0x614 - pdb path: .;C:\Program Files\Java\jdk-17\bin;C:\WINDOWS\SYSTEM32;C:\WINDOWS\WinSxS\amd64_microsoft.windows.common-controls_6595b64144ccf1df_6.0.22621.3235_none_270f74e173860f98;C:\Program Files\Java\jdk-17\bin\server

VM Arguments:
java_command: C:\Users\marco\AppData\Local\Temp\surefire3532646807370187883\surefirebooter-20240513215606288_3.jar C:\Users\marco\AppData\Local\Temp\surefire3532646807370187883 2024-05-13T21-56-05_890-jvmRun1 surefire-20240513215606288_1tmp surefire_0-20240513215606288_2tmp
java_class_path (initial): C:\Users\marco\AppData\Local\Temp\surefire3532646807370187883\surefirebooter-20240513215606288_3.jar
Launcher Type: SUN_STANDARD

[Global flags]
     intx CICompilerCount                          = 3                                         {product} {ergonomic}
     uint ConcGCThreads                            = 1                                         {product} {ergonomic}
     uint G1ConcRefinementThreads                  = 4                                         {product} {ergonomic}
   size_t G1HeapRegionSize                         = 2097152                                   {product} {ergonomic}
    uintx GCDrainStackTargetSize                   = 64                                        {product} {ergonomic}
   size_t InitialHeapSize                          = 199229440                                 {product} {ergonomic}
   size_t MarkStackSize                            = 4194304                                   {product} {ergonomic}
   size_t MaxHeapSize                              = 3168796672                                {product} {ergonomic}
   size_t MinHeapDeltaBytes                        = 2097152                                   {product} {ergonomic}
   size_t MinHeapSize                              = 8388608                                   {product} {ergonomic}
    uintx NonNMethodCodeHeapSize                   = 5832780                                {pd product} {ergonomic}
    uintx NonProfiledCodeHeapSize                  = 122912730                              {pd product} {ergonomic}
    uintx ProfiledCodeHeapSize                     = 122912730                              {pd product} {ergonomic}
    uintx ReservedCodeCacheSize                    = 251658240                              {pd product} {ergonomic}
     bool SegmentedCodeCache                       = true                                      {product} {ergonomic}
   size_t SoftMaxHeapSize                          = 3168796672                             {manageable} {ergonomic}
     bool UseCompressedClassPointers               = true                           {product lp64_product} {ergonomic}
     bool UseCompressedOops                        = true                           {product lp64_product} {ergonomic}
     bool UseG1GC                                  = true                                      {product} {ergonomic}
     bool UseLargePagesIndividualAllocation        = false                                  {pd product} {ergonomic}

Logging:
Log output configuration:
 #0: stdout all=warning uptime,level,tags
 #1: stderr all=off uptime,level,tags

Environment Variables:
JAVA_HOME=C:/Program Files/Java/jdk-17
PATH=C:\Users\marco\bin;C:\Program Files\Git\mingw64\bin;C:\Program Files\Git\usr\local\bin;C:\Program Files\Git\usr\bin;C:\Program Files\Git\usr\bin;C:\Program Files\Git\mingw64\bin;C:\Program Files\Git\usr\bin;C:\Users\marco\bin;C:\src\flutter\bin\cache\dart-sdk\bin;C:\Program Files\Common Files\Oracle\Java\javapath;C:\WINDOWS\system32;C:\WINDOWS;C:\WINDOWS\System32\Wbem;C:\WINDOWS\System32\WindowsPowerShell\v1.0;C:\WINDOWS\System32\OpenSSH;C:\Program Files\Git\cmd;C:\MinGW\bin;C:\src\flutter\bin;C:\android_sdk\platform-tools;C:\android_sdk\emulator;C:\android_sdk\cmdline-tools\tools\bin;C:\Program Files\nodejs;C:\Program Files\Java\jdk-17\bin;C:\apache-maven-3.9.6\bin;C:\Program Files\PuTTY;C:\Program Files\dotnet;C:\Program Files\Docker\Docker\resources\bin;C:\Users\marco\AppData\Local\Microsoft\WindowsApps;C:\Users\marco\AppData\Local\Programs\Microsoft VS Code\bin;C:\src\flutter\bin;C:\android_sdk\cmdline-tools\latest\bin;C:\android_sdk\platform-tools;C:\android_sdk\emulator;C:\Program Files\JetBrains\IntelliJ IDEA 2023.2\bin;C:\Program Files\Azure Data Studio\bin;C:\Users\marco\AppData\Roaming\npm;C:\Users\marco\.dotnet\tools;C:\Program Files\Git\usr\bin\vendor_perl;C:\Program Files\Git\usr\bin\core_perl
USERNAME=marco
SHELL=C:\Program Files\Git\usr\bin\bash.exe
DISPLAY=needs-to-be-defined
LANG=pt_BR.UTF-8
OS=Windows_NT
PROCESSOR_IDENTIFIER=Intel64 Family 6 Model 140 Stepping 1, GenuineIntel



---------------  S Y S T E M  ---------------

OS:
 Windows 11 , 64 bit Build 22621 (10.0.22621.3374)
OS uptime: 30 days 12:59 hours
Hyper-V role detected

CPU: total 4 (initial active 4) (2 cores per cpu, 2 threads per core) family 6 model 140 stepping 1 microcode 0x8a, cx8, cmov, fxsr, ht, mmx, 3dnowpref, sse, sse2, sse3, ssse3, sse4.1, sse4.2, popcnt, lzcnt, tsc, tscinvbit, avx, avx2, aes, erms, clmul, bmi1, bmi2, adx, avx512f, avx512dq, avx512cd, avx512bw, avx512vl, sha, fma, vzeroupper, avx512_vpopcntdq, avx512_vpclmulqdq, avx512_vaes, avx512_vnni, clflush, clflushopt, clwb, avx512_vbmi2, avx512_vbmi, hv

Memory: 4k page, system-wide physical 12087M (1012M free)
TotalPageFile size 22087M (AvailPageFile size 123M)
current process WorkingSet (physical memory assigned to process): 11M, peak: 11M
current process commit charge ("private bytes"): 51M, peak: 241M

vm_info: Java HotSpot(TM) 64-Bit Server VM (17.0.6+9-LTS-190) for windows-amd64 JRE (17.0.6+9-LTS-190), built on Dec  6 2022 15:53:54 by "mach5one" with MS VC++ 17.1 (VS2022)

END.
