#
# There is insufficient memory for the Java Runtime Environment to continue.
# Native memory allocation (mmap) failed to map 54525952 bytes for G1 virtual space
# Possible reasons:
#   The system is out of physical RAM or swap space
#   The process is running with CompressedOops enabled, and the Java Heap may be blocking the growth of the native heap
# Possible solutions:
#   Reduce memory load on the system
#   Increase physical memory or swap space
#   Check if swap backing store is full
#   Decrease Java heap size (-Xmx/-Xms)
#   Decrease number of Java threads
#   Decrease Java thread stack sizes (-Xss)
#   Set larger code cache with -XX:ReservedCodeCacheSize=
#   JVM is running with Zero Based Compressed Oops mode in which the Java heap is
#     placed in the first 32GB address space. The Java Heap base address is the
#     maximum limit for the native heap growth. Please use -XX:HeapBaseMinAddress
#     to set the Java Heap base and to place the Java Heap above 32GB virtual address.
# This output file may be truncated or incomplete.
#
#  Out of Memory Error (os_windows.cpp:3550), pid=21416, tid=12536
#
# JRE version: Java(TM) SE Runtime Environment (17.0.6+9) (build 17.0.6+9-LTS-190)
# Java VM: Java HotSpot(TM) 64-Bit Server VM (17.0.6+9-LTS-190, mixed mode, sharing, tiered, compressed oops, compressed class ptrs, g1 gc, windows-amd64)
# No core dump will be written. Minidumps are not enabled by default on client versions of Windows
#

---------------  S U M M A R Y ------------

Command Line: -Dclassworlds.conf=C:/apache-maven-3.9.6/bin/m2.conf -Dmaven.home=C:/apache-maven-3.9.6 -Dlibrary.jansi.path=C:/apache-maven-3.9.6/lib/jansi-native -Dmaven.multiModuleProjectDirectory=C:/Users/marco/OneDrive/Documentos/Julius da promo back end/julius org.codehaus.plexus.classworlds.launcher.Launcher clean install

Host: 11th Gen Intel(R) Core(TM) i3-1115G4 @ 3.00GHz, 4 cores, 11G,  Windows 11 , 64 bit Build 22621 (10.0.22621.3374)
Time: Mon May 13 21:55:23 2024 Hora Padrão de Buenos Aires elapsed time: 11.866377 seconds (0d 0h 0m 11s)

---------------  T H R E A D  ---------------

Current thread (0x0000021086486be0):  VMThread "VM Thread" [stack: 0x00000044d4c00000,0x00000044d4d00000] [id=12536]

Stack: [0x00000044d4c00000,0x00000044d4d00000]
Native frames: (J=compiled Java code, j=interpreted, Vv=VM code, C=native code)
V  [jvm.dll+0x6734ea]
V  [jvm.dll+0x7d18f4]
V  [jvm.dll+0x7d309e]
V  [jvm.dll+0x7d3703]
V  [jvm.dll+0x2433c5]
V  [jvm.dll+0x6703f9]
V  [jvm.dll+0x664d32]
V  [jvm.dll+0x300086]
V  [jvm.dll+0x307606]
V  [jvm.dll+0x356c1e]
V  [jvm.dll+0x356e4f]
V  [jvm.dll+0x2d72e8]
V  [jvm.dll+0x2d57e5]
V  [jvm.dll+0x2d4dec]
V  [jvm.dll+0x31837b]
V  [jvm.dll+0x7d7f0b]
V  [jvm.dll+0x7d8c44]
V  [jvm.dll+0x7d915d]
V  [jvm.dll+0x7d9534]
V  [jvm.dll+0x7d9600]
V  [jvm.dll+0x781a7a]
V  [jvm.dll+0x672375]
C  [ucrtbase.dll+0x29333]
C  [KERNEL32.DLL+0x1257d]
C  [ntdll.dll+0x5aa48]

VM_Operation (0x00000044d46fa990): G1CollectForAllocation, mode: safepoint, requested by thread 0x00000210e47957b0


---------------  P R O C E S S  ---------------

Threads class SMR info:
_java_thread_list=0x0000021088561510, length=13, elements={
0x00000210e47957b0, 0x000002108648a670, 0x000002108648b220, 0x00000210864a0230,
0x00000210864a0de0, 0x00000210864a6bc0, 0x00000210864a7980, 0x00000210864a8d20,
0x00000210864ad2e0, 0x00000210864adee0, 0x0000021087127460, 0x0000021087129940,
0x0000021087a18330
}

Java Threads: ( => current thread )
  0x00000210e47957b0 JavaThread "main" [_thread_blocked, id=11240, stack(0x00000044d4600000,0x00000044d4700000)]
  0x000002108648a670 JavaThread "Reference Handler" daemon [_thread_blocked, id=18180, stack(0x00000044d4d00000,0x00000044d4e00000)]
  0x000002108648b220 JavaThread "Finalizer" daemon [_thread_blocked, id=11900, stack(0x00000044d4e00000,0x00000044d4f00000)]
  0x00000210864a0230 JavaThread "Signal Dispatcher" daemon [_thread_blocked, id=20296, stack(0x00000044d4f00000,0x00000044d5000000)]
  0x00000210864a0de0 JavaThread "Attach Listener" daemon [_thread_blocked, id=22952, stack(0x00000044d5000000,0x00000044d5100000)]
  0x00000210864a6bc0 JavaThread "Service Thread" daemon [_thread_blocked, id=20732, stack(0x00000044d5100000,0x00000044d5200000)]
  0x00000210864a7980 JavaThread "Monitor Deflation Thread" daemon [_thread_blocked, id=8776, stack(0x00000044d5200000,0x00000044d5300000)]
  0x00000210864a8d20 JavaThread "C2 CompilerThread0" daemon [_thread_blocked, id=23060, stack(0x00000044d5300000,0x00000044d5400000)]
  0x00000210864ad2e0 JavaThread "C1 CompilerThread0" daemon [_thread_blocked, id=4476, stack(0x00000044d5400000,0x00000044d5500000)]
  0x00000210864adee0 JavaThread "Sweeper thread" daemon [_thread_blocked, id=14040, stack(0x00000044d5500000,0x00000044d5600000)]
  0x0000021087127460 JavaThread "Notification Thread" daemon [_thread_blocked, id=23396, stack(0x00000044d5600000,0x00000044d5700000)]
  0x0000021087129940 JavaThread "Common-Cleaner" daemon [_thread_blocked, id=17044, stack(0x00000044d5800000,0x00000044d5900000)]
  0x0000021087a18330 JavaThread "C2 CompilerThread1" daemon [_thread_blocked, id=15624, stack(0x00000044d5c00000,0x00000044d5d00000)]

Other Threads:
=>0x0000021086486be0 VMThread "VM Thread" [stack: 0x00000044d4c00000,0x00000044d4d00000] [id=12536]
  0x00000210e4803e30 WatcherThread [stack: 0x00000044d5700000,0x00000044d5800000] [id=22236]
  0x00000210e47ee340 GCTaskThread "GC Thread#0" [stack: 0x00000044d4700000,0x00000044d4800000] [id=19408]
  0x00000210878d3640 GCTaskThread "GC Thread#1" [stack: 0x00000044d5900000,0x00000044d5a00000] [id=17812]
  0x000002108762dfe0 GCTaskThread "GC Thread#2" [stack: 0x00000044d5a00000,0x00000044d5b00000] [id=22188]
  0x000002108762e290 GCTaskThread "GC Thread#3" [stack: 0x00000044d5b00000,0x00000044d5c00000] [id=12116]
  0x00000210e47fc700 ConcurrentGCThread "G1 Main Marker" [stack: 0x00000044d4800000,0x00000044d4900000] [id=11436]
  0x00000210e47fd110 ConcurrentGCThread "G1 Conc#0" [stack: 0x00000044d4900000,0x00000044d4a00000] [id=18556]
  0x00000210e485ecd0 ConcurrentGCThread "G1 Refine#0" [stack: 0x00000044d4a00000,0x00000044d4b00000] [id=4016]
  0x0000021088453ca0 ConcurrentGCThread "G1 Refine#1" [stack: 0x00000044d5d00000,0x00000044d5e00000] [id=22312]
  0x0000021088454b00 ConcurrentGCThread "G1 Refine#2" [stack: 0x00000044d5e00000,0x00000044d5f00000] [id=23164]
  0x000002108633f890 ConcurrentGCThread "G1 Service" [stack: 0x00000044d4b00000,0x00000044d4c00000] [id=23332]

Threads with active compile tasks:
C2 CompilerThread0    11893 8428       4       com.sun.tools.javac.jvm.PoolReader::resolve (344 bytes)
C1 CompilerThread0    11893 8678       3       com.sun.tools.javac.comp.Attr::check (219 bytes)
C2 CompilerThread1    11893 8635       4       com.sun.tools.javac.code.Types::capture (556 bytes)

VM state: at safepoint (normal execution)

VM Mutex/Monitor currently owned by a thread:  ([mutex/lock_event])
[0x00000210e4791c00] Threads_lock - owner thread: 0x0000021086486be0
[0x00000210e4791660] Heap_lock - owner thread: 0x00000210e47957b0

Heap address: 0x0000000743200000, size: 3022 MB, Compressed Oops mode: Zero based, Oop shift amount: 3

CDS archive(s) mapped at: [0x0000000800000000-0x0000000800bd0000-0x0000000800bd0000), size 12386304, SharedBaseAddress: 0x0000000800000000, ArchiveRelocationMode: 0.
Compressed class space mapped at: 0x0000000800c00000-0x0000000840c00000, reserved size: 1073741824
Narrow klass base: 0x0000000800000000, Narrow klass shift: 0, Narrow klass range: 0x100000000

GC Precious Log:
 CPUs: 4 total, 4 available
 Memory: 12087M
 Large Page Support: Disabled
 NUMA Support: Disabled
 Compressed Oops: Enabled (Zero based)
 Heap Region Size: 2M
 Heap Min Capacity: 8M
 Heap Initial Capacity: 190M
 Heap Max Capacity: 3022M
 Pre-touch: Disabled
 Parallel Workers: 4
 Concurrent Workers: 1
 Concurrent Refinement Workers: 4
 Periodic GC: Disabled

Heap:
 garbage-first heap   total 139264K, used 62409K [0x0000000743200000, 0x0000000800000000)
  region size 2048K, 3 young (6144K), 3 survivors (6144K)
 Metaspace       used 31533K, committed 31936K, reserved 1081344K
  class space    used 3534K, committed 3712K, reserved 1048576K

Heap Regions: E=young(eden), S=young(survivor), O=old, HS=humongous(starts), HC=humongous(continues), CS=collection set, F=free, OA=open archive, CA=closed archive, TAMS=top-at-mark-start (previous, next)
|   0|0x0000000743200000, 0x0000000743400000, 0x0000000743400000|100%| O|  |TAMS 0x0000000743400000, 0x0000000743400000| Untracked 
|   1|0x0000000743400000, 0x0000000743600000, 0x0000000743600000|100%| O|  |TAMS 0x0000000743544600, 0x0000000743600000| Untracked 
|   2|0x0000000743600000, 0x0000000743800000, 0x0000000743800000|100%| O|  |TAMS 0x0000000743600000, 0x0000000743800000| Untracked 
|   3|0x0000000743800000, 0x0000000743a00000, 0x0000000743a00000|100%|HS|  |TAMS 0x0000000743a00000, 0x0000000743a00000| Complete 
|   4|0x0000000743a00000, 0x0000000743c00000, 0x0000000743c00000|100%| O|  |TAMS 0x0000000743a00000, 0x0000000743c00000| Untracked 
|   5|0x0000000743c00000, 0x0000000743e00000, 0x0000000743e00000|100%| O|  |TAMS 0x0000000743c00000, 0x0000000743e00000| Untracked 
|   6|0x0000000743e00000, 0x0000000744000000, 0x0000000744000000|100%| O|  |TAMS 0x0000000743e00000, 0x0000000744000000| Untracked 
|   7|0x0000000744000000, 0x0000000744200000, 0x0000000744200000|100%| O|  |TAMS 0x0000000744000000, 0x0000000744200000| Untracked 
|   8|0x0000000744200000, 0x0000000744400000, 0x0000000744400000|100%| O|  |TAMS 0x0000000744200000, 0x0000000744400000| Untracked 
|   9|0x0000000744400000, 0x0000000744600000, 0x0000000744600000|100%| O|  |TAMS 0x0000000744400000, 0x0000000744600000| Untracked 
|  10|0x0000000744600000, 0x0000000744800000, 0x0000000744800000|100%| O|  |TAMS 0x0000000744600000, 0x0000000744800000| Untracked 
|  11|0x0000000744800000, 0x0000000744a00000, 0x0000000744a00000|100%| O|  |TAMS 0x0000000744800000, 0x0000000744a00000| Untracked 
|  12|0x0000000744a00000, 0x0000000744c00000, 0x0000000744c00000|100%| O|  |TAMS 0x0000000744a00000, 0x0000000744c00000| Untracked 
|  13|0x0000000744c00000, 0x0000000744e00000, 0x0000000744e00000|100%| O|  |TAMS 0x0000000744c00000, 0x0000000744e00000| Untracked 
|  14|0x0000000744e00000, 0x0000000745000000, 0x0000000745000000|100%| O|  |TAMS 0x0000000744e00000, 0x0000000745000000| Untracked 
|  15|0x0000000745000000, 0x0000000745200000, 0x0000000745200000|100%| O|  |TAMS 0x0000000745000000, 0x0000000745200000| Untracked 
|  16|0x0000000745200000, 0x0000000745400000, 0x0000000745400000|100%| O|  |TAMS 0x0000000745200000, 0x00000007452d9000| Untracked 
|  17|0x0000000745400000, 0x0000000745600000, 0x0000000745600000|100%| O|  |TAMS 0x0000000745400000, 0x0000000745400000| Untracked 
|  18|0x0000000745600000, 0x0000000745800000, 0x0000000745800000|100%| O|  |TAMS 0x0000000745600000, 0x0000000745600000| Untracked 
|  19|0x0000000745800000, 0x0000000745a00000, 0x0000000745a00000|100%|HS|  |TAMS 0x0000000745800000, 0x0000000745800000| Complete 
|  20|0x0000000745a00000, 0x0000000745c00000, 0x0000000745c00000|100%| O|  |TAMS 0x0000000745a00000, 0x0000000745c00000| Untracked 
|  21|0x0000000745c00000, 0x0000000745e00000, 0x0000000745e00000|100%| O|  |TAMS 0x0000000745c00000, 0x0000000745e00000| Untracked 
|  22|0x0000000745e00000, 0x0000000746000000, 0x0000000746000000|100%| O|  |TAMS 0x0000000745e00000, 0x0000000746000000| Untracked 
|  23|0x0000000746000000, 0x0000000746200000, 0x0000000746200000|100%| O|  |TAMS 0x0000000746000000, 0x0000000746000000| Untracked 
|  24|0x0000000746200000, 0x00000007462d1200, 0x0000000746400000| 40%| O|  |TAMS 0x0000000746200000, 0x0000000746200000| Untracked 
|  25|0x0000000746400000, 0x0000000746400000, 0x0000000746600000|  0%| F|  |TAMS 0x0000000746400000, 0x0000000746400000| Untracked 
|  26|0x0000000746600000, 0x0000000746600000, 0x0000000746800000|  0%| F|  |TAMS 0x0000000746600000, 0x0000000746600000| Untracked 
|  27|0x0000000746800000, 0x0000000746800000, 0x0000000746a00000|  0%| F|  |TAMS 0x0000000746800000, 0x0000000746800000| Untracked 
|  28|0x0000000746a00000, 0x0000000746a00000, 0x0000000746c00000|  0%| F|  |TAMS 0x0000000746a00000, 0x0000000746a00000| Untracked 
|  29|0x0000000746c00000, 0x0000000746c00000, 0x0000000746e00000|  0%| F|  |TAMS 0x0000000746c00000, 0x0000000746c00000| Untracked 
|  30|0x0000000746e00000, 0x0000000746e00000, 0x0000000747000000|  0%| F|  |TAMS 0x0000000746e00000, 0x0000000746e00000| Untracked 
|  31|0x0000000747000000, 0x0000000747000000, 0x0000000747200000|  0%| F|  |TAMS 0x0000000747000000, 0x0000000747000000| Untracked 
|  32|0x0000000747200000, 0x0000000747200000, 0x0000000747400000|  0%| F|  |TAMS 0x0000000747200000, 0x0000000747200000| Untracked 
|  33|0x0000000747400000, 0x0000000747400000, 0x0000000747600000|  0%| F|  |TAMS 0x0000000747400000, 0x0000000747400000| Untracked 
|  34|0x0000000747600000, 0x0000000747600000, 0x0000000747800000|  0%| F|  |TAMS 0x0000000747600000, 0x0000000747600000| Untracked 
|  35|0x0000000747800000, 0x0000000747800000, 0x0000000747a00000|  0%| F|  |TAMS 0x0000000747800000, 0x0000000747800000| Untracked 
|  36|0x0000000747a00000, 0x0000000747a00000, 0x0000000747c00000|  0%| F|  |TAMS 0x0000000747a00000, 0x0000000747a00000| Untracked 
|  37|0x0000000747c00000, 0x0000000747c21368, 0x0000000747e00000|  6%| S|CS|TAMS 0x0000000747c00000, 0x0000000747c00000| Complete 
|  38|0x0000000747e00000, 0x0000000748000000, 0x0000000748000000|100%| S|CS|TAMS 0x0000000747e00000, 0x0000000747e00000| Complete 
|  39|0x0000000748000000, 0x0000000748200000, 0x0000000748200000|100%| S|CS|TAMS 0x0000000748000000, 0x0000000748000000| Complete 
|  40|0x0000000748200000, 0x0000000748200000, 0x0000000748400000|  0%| F|  |TAMS 0x0000000748200000, 0x0000000748200000| Untracked 
|  41|0x0000000748400000, 0x0000000748400000, 0x0000000748600000|  0%| F|  |TAMS 0x0000000748400000, 0x0000000748400000| Untracked 
|  42|0x0000000748600000, 0x0000000748600000, 0x0000000748800000|  0%| F|  |TAMS 0x0000000748600000, 0x0000000748600000| Untracked 
|  43|0x0000000748800000, 0x0000000748800000, 0x0000000748a00000|  0%| F|  |TAMS 0x0000000748800000, 0x0000000748800000| Untracked 
|  44|0x0000000748a00000, 0x0000000748a00000, 0x0000000748c00000|  0%| F|  |TAMS 0x0000000748a00000, 0x0000000748a00000| Untracked 
|  45|0x0000000748c00000, 0x0000000748c00000, 0x0000000748e00000|  0%| F|  |TAMS 0x0000000748c00000, 0x0000000748c00000| Untracked 
|  46|0x0000000748e00000, 0x0000000748e00000, 0x0000000749000000|  0%| F|  |TAMS 0x0000000748e00000, 0x0000000748e00000| Untracked 
|  47|0x0000000749000000, 0x0000000749000000, 0x0000000749200000|  0%| F|  |TAMS 0x0000000749000000, 0x0000000749000000| Untracked 
|  48|0x0000000749200000, 0x0000000749200000, 0x0000000749400000|  0%| F|  |TAMS 0x0000000749200000, 0x0000000749200000| Untracked 
|  49|0x0000000749400000, 0x0000000749400000, 0x0000000749600000|  0%| F|  |TAMS 0x0000000749400000, 0x0000000749400000| Untracked 
|  50|0x0000000749600000, 0x0000000749600000, 0x0000000749800000|  0%| F|  |TAMS 0x0000000749600000, 0x0000000749600000| Untracked 
|  51|0x0000000749800000, 0x0000000749800000, 0x0000000749a00000|  0%| F|  |TAMS 0x0000000749800000, 0x0000000749800000| Untracked 
|  52|0x0000000749a00000, 0x0000000749a00000, 0x0000000749c00000|  0%| F|  |TAMS 0x0000000749a00000, 0x0000000749a00000| Untracked 
|  53|0x0000000749c00000, 0x0000000749c00000, 0x0000000749e00000|  0%| F|  |TAMS 0x0000000749c00000, 0x0000000749c00000| Untracked 
|  54|0x0000000749e00000, 0x0000000749e00000, 0x000000074a000000|  0%| F|  |TAMS 0x0000000749e00000, 0x0000000749e00000| Untracked 
|  55|0x000000074a000000, 0x000000074a000000, 0x000000074a200000|  0%| F|  |TAMS 0x000000074a000000, 0x000000074a000000| Untracked 
|  56|0x000000074a200000, 0x000000074a200000, 0x000000074a400000|  0%| F|  |TAMS 0x000000074a200000, 0x000000074a200000| Untracked 
|  57|0x000000074a400000, 0x000000074a400000, 0x000000074a600000|  0%| F|  |TAMS 0x000000074a400000, 0x000000074a400000| Untracked 
|  58|0x000000074a600000, 0x000000074a600000, 0x000000074a800000|  0%| F|  |TAMS 0x000000074a600000, 0x000000074a600000| Untracked 
|  59|0x000000074a800000, 0x000000074a800000, 0x000000074aa00000|  0%| F|  |TAMS 0x000000074a800000, 0x000000074a800000| Untracked 
|  60|0x000000074aa00000, 0x000000074aa00000, 0x000000074ac00000|  0%| F|  |TAMS 0x000000074aa00000, 0x000000074aa00000| Untracked 
|  61|0x000000074ac00000, 0x000000074ac00000, 0x000000074ae00000|  0%| F|  |TAMS 0x000000074ac00000, 0x000000074ac00000| Untracked 
|  62|0x000000074ae00000, 0x000000074ae00000, 0x000000074b000000|  0%| F|  |TAMS 0x000000074ae00000, 0x000000074ae00000| Untracked 
|  94|0x000000074ee00000, 0x000000074ee00000, 0x000000074f000000|  0%| F|  |TAMS 0x000000074ee00000, 0x000000074ee00000| Untracked 
|1507|0x00000007ff800000, 0x00000007ffa00000, 0x00000007ffa00000|100%| O|  |TAMS 0x00000007ff800000, 0x00000007ffa00000| Untracked 
|1508|0x00000007ffa00000, 0x00000007ffc00000, 0x00000007ffc00000|100%| O|  |TAMS 0x00000007ffa00000, 0x00000007ffc00000| Untracked 
|1509|0x00000007ffc00000, 0x00000007ffe00000, 0x00000007ffe00000|100%| O|  |TAMS 0x00000007ffc00000, 0x00000007ffe00000| Untracked 
|1510|0x00000007ffe00000, 0x0000000800000000, 0x0000000800000000|100%| O|  |TAMS 0x00000007ffe00000, 0x0000000800000000| Untracked 

Card table byte_map: [0x00000210fd410000,0x00000210fda00000] _byte_map_base: 0x00000210f99f7000

Marking Bits (Prev, Next): (CMBitMap*) 0x00000210e47ee990, (CMBitMap*) 0x00000210e47ee950
 Prev Bits: [0x0000021082f40000, 0x0000021085e78000)
 Next Bits: [0x0000021080000000, 0x0000021082f38000)

Polling page: 0x00000210e4630000

Metaspace:

Usage:
  Non-class:     27.34 MB used.
      Class:      3.45 MB used.
       Both:     30.79 MB used.

Virtual space:
  Non-class space:       32.00 MB reserved,      27.56 MB ( 86%) committed,  4 nodes.
      Class space:        1.00 GB reserved,       3.62 MB ( <1%) committed,  1 nodes.
             Both:        1.03 GB reserved,      31.19 MB (  3%) committed. 

Chunk freelists:
   Non-Class:  3.92 MB
       Class:  368.00 KB
        Both:  4.28 MB

MaxMetaspaceSize: unlimited
CompressedClassSpaceSize: 1.00 GB
Initial GC threshold: 21.00 MB
Current GC threshold: 35.56 MB
CDS: on
MetaspaceReclaimPolicy: balanced
 - commit_granule_bytes: 65536.
 - commit_granule_words: 8192.
 - virtual_space_node_default_size: 1048576.
 - enlarge_chunks_in_place: 1.
 - new_chunks_are_fully_committed: 0.
 - uncommit_free_chunks: 1.
 - use_allocation_guard: 0.
 - handle_deallocations: 1.


Internal statistics:

num_allocs_failed_limit: 3.
num_arena_births: 240.
num_arena_deaths: 0.
num_vsnodes_births: 5.
num_vsnodes_deaths: 0.
num_space_committed: 499.
num_space_uncommitted: 0.
num_chunks_returned_to_freelist: 3.
num_chunks_taken_from_freelist: 1424.
num_chunk_merges: 3.
num_chunk_splits: 985.
num_chunks_enlarged: 750.
num_purges: 0.
num_inconsistent_stats: 0.

CodeHeap 'non-profiled nmethods': size=120000Kb used=4109Kb max_used=4109Kb free=115890Kb
 bounds [0x00000210f52d0000, 0x00000210f56e0000, 0x00000210fc800000]
CodeHeap 'profiled nmethods': size=120000Kb used=17435Kb max_used=17435Kb free=102565Kb
 bounds [0x00000210ed800000, 0x00000210ee910000, 0x00000210f4d30000]
CodeHeap 'non-nmethods': size=5760Kb used=1229Kb max_used=1290Kb free=4530Kb
 bounds [0x00000210f4d30000, 0x00000210f4fa0000, 0x00000210f52d0000]
 total_blobs=8334 nmethods=7812 adapters=434
 compilation: enabled
              stopped_count=0, restarted_count=0
 full_count=0

Compilation events (20 events):
Event: 11.826 Thread 0x00000210864ad2e0 nmethod 8669 0x00000210ee8fb790 code [0x00000210ee8fb940, 0x00000210ee8fbbc8]
Event: 11.826 Thread 0x00000210864ad2e0 8666       2       com.sun.tools.javac.comp.Flow$AssignAnalyzer::initParam (29 bytes)
Event: 11.826 Thread 0x00000210864ad2e0 nmethod 8666 0x00000210ee8fbd10 code [0x00000210ee8fbec0, 0x00000210ee8fc058]
Event: 11.826 Thread 0x00000210864ad2e0 8668       2       com.sun.tools.javac.comp.TransTypes::visitApply (254 bytes)
Event: 11.828 Thread 0x00000210864ad2e0 nmethod 8668 0x00000210ee8fc210 code [0x00000210ee8fc580, 0x00000210ee8fd878]
Event: 11.828 Thread 0x00000210864ad2e0 8670       3       com.sun.tools.javac.jvm.Code$State::push (238 bytes)
Event: 11.829 Thread 0x00000210864ad2e0 nmethod 8670 0x00000210ee8fe310 code [0x00000210ee8fe620, 0x00000210ee8ff958]
Event: 11.829 Thread 0x00000210864ad2e0 8671       3       com.sun.tools.javac.code.Symbol::externalType (81 bytes)
Event: 11.831 Thread 0x00000210864ad2e0 nmethod 8671 0x00000210ee8fff90 code [0x00000210ee9002c0, 0x00000210ee901ce8]
Event: 11.831 Thread 0x00000210864ad2e0 8672       2       com.sun.tools.javac.jvm.PoolWriter::typeSig (23 bytes)
Event: 11.831 Thread 0x00000210864ad2e0 nmethod 8672 0x00000210ee902410 code [0x00000210ee9025c0, 0x00000210ee902798]
Event: 11.834 Thread 0x00000210864ad2e0 8673       2       java.util.ArrayDeque::addAll (50 bytes)
Event: 11.834 Thread 0x00000210864ad2e0 nmethod 8673 0x00000210ee902990 code [0x00000210ee902b60, 0x00000210ee902e38]
Event: 11.834 Thread 0x00000210864ad2e0 8674       3       com.sun.tools.javac.code.Types::asOuterSuper (114 bytes)
Event: 11.835 Thread 0x00000210864ad2e0 nmethod 8674 0x00000210ee903090 code [0x00000210ee903340, 0x00000210ee904258]
Event: 11.836 Thread 0x00000210864ad2e0 8675       3       com.sun.tools.javac.code.Type$ClassType::contains (72 bytes)
Event: 11.836 Thread 0x00000210864ad2e0 nmethod 8675 0x00000210ee904710 code [0x00000210ee9049e0, 0x00000210ee905f08]
Event: 11.836 Thread 0x00000210864ad2e0 8677       2       com.sun.tools.javac.comp.InferenceContext::instTypes (75 bytes)
Event: 11.837 Thread 0x00000210864ad2e0 nmethod 8677 0x00000210ee906390 code [0x00000210ee906580, 0x00000210ee906a48]
Event: 11.837 Thread 0x00000210864ad2e0 8678       3       com.sun.tools.javac.comp.Attr::check (219 bytes)

GC Heap History (20 events):
Event: 4.358 GC heap after
{Heap after GC invocations=3 (full 0):
 garbage-first heap   total 194560K, used 5187K [0x0000000743200000, 0x0000000800000000)
  region size 2048K, 1 young (2048K), 1 survivors (2048K)
 Metaspace       used 9407K, committed 9600K, reserved 1064960K
  class space    used 1135K, committed 1216K, reserved 1048576K
}
Event: 6.616 GC heap before
{Heap before GC invocations=3 (full 0):
 garbage-first heap   total 194560K, used 119875K [0x0000000743200000, 0x0000000800000000)
  region size 2048K, 57 young (116736K), 1 survivors (2048K)
 Metaspace       used 15995K, committed 16192K, reserved 1064960K
  class space    used 1843K, committed 1920K, reserved 1048576K
}
Event: 6.633 GC heap after
{Heap after GC invocations=4 (full 0):
 garbage-first heap   total 194560K, used 15849K [0x0000000743200000, 0x0000000800000000)
  region size 2048K, 7 young (14336K), 7 survivors (14336K)
 Metaspace       used 15995K, committed 16192K, reserved 1064960K
  class space    used 1843K, committed 1920K, reserved 1048576K
}
Event: 8.145 GC heap before
{Heap before GC invocations=4 (full 0):
 garbage-first heap   total 194560K, used 83433K [0x0000000743200000, 0x0000000800000000)
  region size 2048K, 39 young (79872K), 7 survivors (14336K)
 Metaspace       used 21214K, committed 21504K, reserved 1073152K
  class space    used 2462K, committed 2624K, reserved 1048576K
}
Event: 8.161 GC heap after
{Heap after GC invocations=5 (full 0):
 garbage-first heap   total 194560K, used 26111K [0x0000000743200000, 0x0000000800000000)
  region size 2048K, 4 young (8192K), 4 survivors (8192K)
 Metaspace       used 21214K, committed 21504K, reserved 1073152K
  class space    used 2462K, committed 2624K, reserved 1048576K
}
Event: 9.072 GC heap before
{Heap before GC invocations=6 (full 0):
 garbage-first heap   total 102400K, used 79359K [0x0000000743200000, 0x0000000800000000)
  region size 2048K, 30 young (61440K), 4 survivors (8192K)
 Metaspace       used 25663K, committed 26048K, reserved 1073152K
  class space    used 2937K, committed 3136K, reserved 1048576K
}
Event: 9.090 GC heap after
{Heap after GC invocations=7 (full 0):
 garbage-first heap   total 110592K, used 44145K [0x0000000743200000, 0x0000000800000000)
  region size 2048K, 4 young (8192K), 4 survivors (8192K)
 Metaspace       used 25663K, committed 26048K, reserved 1073152K
  class space    used 2937K, committed 3136K, reserved 1048576K
}
Event: 9.200 GC heap before
{Heap before GC invocations=7 (full 0):
 garbage-first heap   total 110592K, used 46193K [0x0000000743200000, 0x0000000800000000)
  region size 2048K, 5 young (10240K), 4 survivors (8192K)
 Metaspace       used 25850K, committed 26176K, reserved 1073152K
  class space    used 2961K, committed 3136K, reserved 1048576K
}
Event: 9.206 GC heap after
{Heap after GC invocations=8 (full 0):
 garbage-first heap   total 110592K, used 46289K [0x0000000743200000, 0x0000000800000000)
  region size 2048K, 1 young (2048K), 1 survivors (2048K)
 Metaspace       used 25850K, committed 26176K, reserved 1073152K
  class space    used 2961K, committed 3136K, reserved 1048576K
}
Event: 9.591 GC heap before
{Heap before GC invocations=8 (full 0):
 garbage-first heap   total 110592K, used 77009K [0x0000000743200000, 0x0000000800000000)
  region size 2048K, 16 young (32768K), 1 survivors (2048K)
 Metaspace       used 26608K, committed 26944K, reserved 1081344K
  class space    used 3021K, committed 3200K, reserved 1048576K
}
Event: 9.602 GC heap after
{Heap after GC invocations=9 (full 0):
 garbage-first heap   total 110592K, used 52068K [0x0000000743200000, 0x0000000800000000)
  region size 2048K, 2 young (4096K), 2 survivors (4096K)
 Metaspace       used 26608K, committed 26944K, reserved 1081344K
  class space    used 3021K, committed 3200K, reserved 1048576K
}
Event: 9.677 GC heap before
{Heap before GC invocations=9 (full 0):
 garbage-first heap   total 110592K, used 58212K [0x0000000743200000, 0x0000000800000000)
  region size 2048K, 6 young (12288K), 2 survivors (4096K)
 Metaspace       used 26679K, committed 27008K, reserved 1081344K
  class space    used 3022K, committed 3200K, reserved 1048576K
}
Event: 9.686 GC heap after
{Heap after GC invocations=10 (full 0):
 garbage-first heap   total 139264K, used 53838K [0x0000000743200000, 0x0000000800000000)
  region size 2048K, 1 young (2048K), 1 survivors (2048K)
 Metaspace       used 26679K, committed 27008K, reserved 1081344K
  class space    used 3022K, committed 3200K, reserved 1048576K
}
Event: 10.294 GC heap before
{Heap before GC invocations=10 (full 0):
 garbage-first heap   total 139264K, used 98894K [0x0000000743200000, 0x0000000800000000)
  region size 2048K, 23 young (47104K), 1 survivors (2048K)
 Metaspace       used 28702K, committed 29056K, reserved 1081344K
  class space    used 3235K, committed 3392K, reserved 1048576K
}
Event: 10.300 GC heap after
{Heap after GC invocations=11 (full 0):
 garbage-first heap   total 139264K, used 58249K [0x0000000743200000, 0x0000000800000000)
  region size 2048K, 2 young (4096K), 2 survivors (4096K)
 Metaspace       used 28702K, committed 29056K, reserved 1081344K
  class space    used 3235K, committed 3392K, reserved 1048576K
}
Event: 10.678 GC heap before
{Heap before GC invocations=11 (full 0):
 garbage-first heap   total 139264K, used 103305K [0x0000000743200000, 0x0000000800000000)
  region size 2048K, 24 young (49152K), 2 survivors (4096K)
 Metaspace       used 29373K, committed 29760K, reserved 1081344K
  class space    used 3296K, committed 3456K, reserved 1048576K
}
Event: 10.684 GC heap after
{Heap after GC invocations=12 (full 0):
 garbage-first heap   total 139264K, used 59589K [0x0000000743200000, 0x0000000800000000)
  region size 2048K, 2 young (4096K), 2 survivors (4096K)
 Metaspace       used 29373K, committed 29760K, reserved 1081344K
  class space    used 3296K, committed 3456K, reserved 1048576K
}
Event: 10.926 GC heap before
{Heap before GC invocations=12 (full 0):
 garbage-first heap   total 139264K, used 104645K [0x0000000743200000, 0x0000000800000000)
  region size 2048K, 24 young (49152K), 2 survivors (4096K)
 Metaspace       used 29583K, committed 29952K, reserved 1081344K
  class space    used 3301K, committed 3456K, reserved 1048576K
}
Event: 10.932 GC heap after
{Heap after GC invocations=13 (full 0):
 garbage-first heap   total 139264K, used 60042K [0x0000000743200000, 0x0000000800000000)
  region size 2048K, 1 young (2048K), 1 survivors (2048K)
 Metaspace       used 29583K, committed 29952K, reserved 1081344K
  class space    used 3301K, committed 3456K, reserved 1048576K
}
Event: 11.838 GC heap before
{Heap before GC invocations=13 (full 0):
 garbage-first heap   total 139264K, used 107146K [0x0000000743200000, 0x0000000800000000)
  region size 2048K, 24 young (49152K), 1 survivors (2048K)
 Metaspace       used 31533K, committed 31936K, reserved 1081344K
  class space    used 3534K, committed 3712K, reserved 1048576K
}

Deoptimization events (20 events):
Event: 11.722 Thread 0x00000210e47957b0 DEOPT PACKING pc=0x00000210f56c65f8 sp=0x00000044d46fac50
Event: 11.722 Thread 0x00000210e47957b0 DEOPT UNPACKING pc=0x00000210f4d85ba3 sp=0x00000044d46fabe8 mode 2
Event: 11.722 Thread 0x00000210e47957b0 Uncommon trap: trap_request=0xffffffde fr.pc=0x00000210f569a008 relative=0x00000000000004e8
Event: 11.722 Thread 0x00000210e47957b0 Uncommon trap: reason=class_check action=maybe_recompile pc=0x00000210f569a008 method=com.sun.tools.javac.code.Type$ClassType.isErroneous()Z @ 4 c2
Event: 11.722 Thread 0x00000210e47957b0 DEOPT PACKING pc=0x00000210f569a008 sp=0x00000044d46faa40
Event: 11.722 Thread 0x00000210e47957b0 DEOPT UNPACKING pc=0x00000210f4d85ba3 sp=0x00000044d46fa9b8 mode 2
Event: 11.723 Thread 0x00000210e47957b0 Uncommon trap: trap_request=0xffffffde fr.pc=0x00000210f56b6348 relative=0x00000000000001a8
Event: 11.723 Thread 0x00000210e47957b0 Uncommon trap: reason=class_check action=maybe_recompile pc=0x00000210f56b6348 method=com.sun.tools.javac.code.Type$ClassType.allparams()Lcom/sun/tools/javac/util/List; @ 16 c2
Event: 11.723 Thread 0x00000210e47957b0 DEOPT PACKING pc=0x00000210f56b6348 sp=0x00000044d46f5720
Event: 11.723 Thread 0x00000210e47957b0 DEOPT UNPACKING pc=0x00000210f4d85ba3 sp=0x00000044d46f56d8 mode 2
Event: 11.768 Thread 0x00000210e47957b0 DEOPT PACKING pc=0x00000210ee4661ba sp=0x00000044d46fc9b0
Event: 11.768 Thread 0x00000210e47957b0 DEOPT UNPACKING pc=0x00000210f4d866e3 sp=0x00000044d46fbea8 mode 0
Event: 11.791 Thread 0x00000210e47957b0 Uncommon trap: trap_request=0xffffff3d fr.pc=0x00000210f532a6f4 relative=0x0000000000000b34
Event: 11.791 Thread 0x00000210e47957b0 Uncommon trap: reason=unstable_fused_if action=reinterpret pc=0x00000210f532a6f4 method=com.sun.tools.javac.util.Convert.chars2utf([CI[BII)I @ 28 c2
Event: 11.791 Thread 0x00000210e47957b0 DEOPT PACKING pc=0x00000210f532a6f4 sp=0x00000044d46fcdf0
Event: 11.791 Thread 0x00000210e47957b0 DEOPT UNPACKING pc=0x00000210f4d85ba3 sp=0x00000044d46fcc28 mode 2
Event: 11.833 Thread 0x00000210e47957b0 Uncommon trap: trap_request=0xffffff45 fr.pc=0x00000210f56c93f8 relative=0x00000000000007b8
Event: 11.833 Thread 0x00000210e47957b0 Uncommon trap: reason=unstable_if action=reinterpret pc=0x00000210f56c93f8 method=com.sun.tools.javac.comp.Attr.check(Lcom/sun/tools/javac/tree/JCTree;Lcom/sun/tools/javac/code/Type;Lcom/sun/tools/javac/code/Kinds$KindSelector;Lcom/sun/tools/javac/comp/At
Event: 11.833 Thread 0x00000210e47957b0 DEOPT PACKING pc=0x00000210f56c93f8 sp=0x00000044d46fab60
Event: 11.833 Thread 0x00000210e47957b0 DEOPT UNPACKING pc=0x00000210f4d85ba3 sp=0x00000044d46fab58 mode 2

Classes unloaded (0 events):
No events

Classes redefined (0 events):
No events

Internal exceptions (20 events):
Event: 11.780 Thread 0x00000210e47957b0 Exception <a 'sun/nio/fs/WindowsException'{0x0000000748787780}> (0x0000000748787780) 
thrown [s\open\src\hotspot\share\prims\jni.cpp, line 516]
Event: 11.780 Thread 0x00000210e47957b0 Exception <a 'sun/nio/fs/WindowsException'{0x0000000748787e50}> (0x0000000748787e50) 
thrown [s\open\src\hotspot\share\prims\jni.cpp, line 516]
Event: 11.780 Thread 0x00000210e47957b0 Exception <a 'sun/nio/fs/WindowsException'{0x0000000748788dd0}> (0x0000000748788dd0) 
thrown [s\open\src\hotspot\share\prims\jni.cpp, line 516]
Event: 11.790 Thread 0x00000210e47957b0 Exception <a 'sun/nio/fs/WindowsException'{0x00000007487c8188}> (0x00000007487c8188) 
thrown [s\open\src\hotspot\share\prims\jni.cpp, line 516]
Event: 11.790 Thread 0x00000210e47957b0 Exception <a 'sun/nio/fs/WindowsException'{0x00000007487c8868}> (0x00000007487c8868) 
thrown [s\open\src\hotspot\share\prims\jni.cpp, line 516]
Event: 11.790 Thread 0x00000210e47957b0 Exception <a 'sun/nio/fs/WindowsException'{0x00000007487c9870}> (0x00000007487c9870) 
thrown [s\open\src\hotspot\share\prims\jni.cpp, line 516]
Event: 11.806 Thread 0x00000210e47957b0 Exception <a 'sun/nio/fs/WindowsException'{0x000000074849b6b0}> (0x000000074849b6b0) 
thrown [s\open\src\hotspot\share\prims\jni.cpp, line 516]
Event: 11.806 Thread 0x00000210e47957b0 Exception <a 'sun/nio/fs/WindowsException'{0x000000074849bda0}> (0x000000074849bda0) 
thrown [s\open\src\hotspot\share\prims\jni.cpp, line 516]
Event: 11.806 Thread 0x00000210e47957b0 Exception <a 'sun/nio/fs/WindowsException'{0x000000074849ce30}> (0x000000074849ce30) 
thrown [s\open\src\hotspot\share\prims\jni.cpp, line 516]
Event: 11.818 Thread 0x00000210e47957b0 Exception <a 'sun/nio/fs/WindowsException'{0x00000007484ee180}> (0x00000007484ee180) 
thrown [s\open\src\hotspot\share\prims\jni.cpp, line 516]
Event: 11.818 Thread 0x00000210e47957b0 Exception <a 'sun/nio/fs/WindowsException'{0x00000007484ee530}> (0x00000007484ee530) 
thrown [s\open\src\hotspot\share\prims\jni.cpp, line 516]
Event: 11.819 Thread 0x00000210e47957b0 Exception <a 'sun/nio/fs/WindowsException'{0x0000000748506560}> (0x0000000748506560) 
thrown [s\open\src\hotspot\share\prims\jni.cpp, line 516]
Event: 11.819 Thread 0x00000210e47957b0 Exception <a 'sun/nio/fs/WindowsException'{0x00000007485068c0}> (0x00000007485068c0) 
thrown [s\open\src\hotspot\share\prims\jni.cpp, line 516]
Event: 11.820 Thread 0x00000210e47957b0 Exception <a 'sun/nio/fs/WindowsException'{0x0000000748550a38}> (0x0000000748550a38) 
thrown [s\open\src\hotspot\share\prims\jni.cpp, line 516]
Event: 11.820 Thread 0x00000210e47957b0 Exception <a 'sun/nio/fs/WindowsException'{0x0000000748550de8}> (0x0000000748550de8) 
thrown [s\open\src\hotspot\share\prims\jni.cpp, line 516]
Event: 11.821 Thread 0x00000210e47957b0 Exception <a 'sun/nio/fs/WindowsException'{0x0000000748552888}> (0x0000000748552888) 
thrown [s\open\src\hotspot\share\prims\jni.cpp, line 516]
Event: 11.821 Thread 0x00000210e47957b0 Exception <a 'sun/nio/fs/WindowsException'{0x0000000748552cc0}> (0x0000000748552cc0) 
thrown [s\open\src\hotspot\share\prims\jni.cpp, line 516]
Event: 11.828 Thread 0x00000210e47957b0 Exception <a 'sun/nio/fs/WindowsException'{0x0000000748594138}> (0x0000000748594138) 
thrown [s\open\src\hotspot\share\prims\jni.cpp, line 516]
Event: 11.829 Thread 0x00000210e47957b0 Exception <a 'sun/nio/fs/WindowsException'{0x0000000748594820}> (0x0000000748594820) 
thrown [s\open\src\hotspot\share\prims\jni.cpp, line 516]
Event: 11.829 Thread 0x00000210e47957b0 Exception <a 'sun/nio/fs/WindowsException'{0x00000007485958a0}> (0x00000007485958a0) 
thrown [s\open\src\hotspot\share\prims\jni.cpp, line 516]

VM Operations (20 events):
Event: 11.244 Executing VM operation: HandshakeAllThreads done
Event: 11.245 Executing VM operation: HandshakeAllThreads
Event: 11.245 Executing VM operation: HandshakeAllThreads done
Event: 11.298 Executing VM operation: ICBufferFull
Event: 11.299 Executing VM operation: ICBufferFull done
Event: 11.421 Executing VM operation: HandshakeAllThreads
Event: 11.421 Executing VM operation: HandshakeAllThreads done
Event: 11.430 Executing VM operation: ICBufferFull
Event: 11.430 Executing VM operation: ICBufferFull done
Event: 11.457 Executing VM operation: HandshakeAllThreads
Event: 11.457 Executing VM operation: HandshakeAllThreads done
Event: 11.500 Executing VM operation: ICBufferFull
Event: 11.500 Executing VM operation: ICBufferFull done
Event: 11.528 Executing VM operation: HandshakeAllThreads
Event: 11.528 Executing VM operation: HandshakeAllThreads done
Event: 11.619 Executing VM operation: ICBufferFull
Event: 11.619 Executing VM operation: ICBufferFull done
Event: 11.722 Executing VM operation: ICBufferFull
Event: 11.722 Executing VM operation: ICBufferFull done
Event: 11.837 Executing VM operation: G1CollectForAllocation

Events (20 events):
Event: 11.209 loading class java/util/EnumMap$EnumMapIterator done
Event: 11.209 loading class java/util/EnumMap$EntryIterator done
Event: 11.209 loading class java/util/EnumMap$EntryIterator$Entry
Event: 11.209 loading class java/util/EnumMap$EntryIterator$Entry done
Event: 11.240 loading class java/util/stream/ReduceOps$2
Event: 11.240 loading class java/util/stream/ReduceOps$2 done
Event: 11.240 loading class java/util/stream/ReduceOps$2ReducingSink
Event: 11.240 loading class java/util/stream/ReduceOps$2ReducingSink done
Event: 11.422 loading class java/io/DataOutputStream
Event: 11.422 loading class java/io/DataOutputStream done
Event: 11.786 loading class java/util/stream/ReferencePipeline$4
Event: 11.787 loading class java/util/stream/ReferencePipeline$4 done
Event: 11.787 loading class java/util/stream/Nodes$IntFixedNodeBuilder
Event: 11.788 loading class java/util/stream/Node$Builder$OfInt
Event: 11.788 loading class java/util/stream/Node$Builder$OfInt done
Event: 11.788 loading class java/util/stream/Nodes$IntArrayNode
Event: 11.788 loading class java/util/stream/Nodes$IntArrayNode done
Event: 11.788 loading class java/util/stream/Nodes$IntFixedNodeBuilder done
Event: 11.788 loading class java/util/stream/ReferencePipeline$4$1
Event: 11.788 loading class java/util/stream/ReferencePipeline$4$1 done


Dynamic libraries:
0x00007ff6da330000 - 0x00007ff6da340000 	C:\Program Files\Java\jdk-17\bin\java.exe
0x00007fff634d0000 - 0x00007fff636e6000 	C:\WINDOWS\SYSTEM32\ntdll.dll
0x00007fff61fe0000 - 0x00007fff620a4000 	C:\WINDOWS\System32\KERNEL32.DLL
0x00007fff60ad0000 - 0x00007fff60e77000 	C:\WINDOWS\System32\KERNELBASE.dll
0x00007fff60e80000 - 0x00007fff60f91000 	C:\WINDOWS\System32\ucrtbase.dll
0x00007fff50570000 - 0x00007fff5058b000 	C:\Program Files\Java\jdk-17\bin\VCRUNTIME140.dll
0x00007fff4fc70000 - 0x00007fff4fc88000 	C:\Program Files\Java\jdk-17\bin\jli.dll
0x00007fff62560000 - 0x00007fff62612000 	C:\WINDOWS\System32\ADVAPI32.dll
0x00007fff62eb0000 - 0x00007fff62f57000 	C:\WINDOWS\System32\msvcrt.dll
0x00007fff614e0000 - 0x00007fff61588000 	C:\WINDOWS\System32\sechost.dll
0x00007fff611d0000 - 0x00007fff611f8000 	C:\WINDOWS\System32\bcrypt.dll
0x00007fff61b80000 - 0x00007fff61c95000 	C:\WINDOWS\System32\RPCRT4.dll
0x00007fff61cd0000 - 0x00007fff61e7e000 	C:\WINDOWS\System32\USER32.dll
0x00007fff46fb0000 - 0x00007fff47243000 	C:\WINDOWS\WinSxS\amd64_microsoft.windows.common-controls_6595b64144ccf1df_6.0.22621.3235_none_270f74e173860f98\COMCTL32.dll
0x00007fff60aa0000 - 0x00007fff60ac6000 	C:\WINDOWS\System32\win32u.dll
0x00007fff61ca0000 - 0x00007fff61cc9000 	C:\WINDOWS\System32\GDI32.dll
0x00007fff608e0000 - 0x00007fff609f9000 	C:\WINDOWS\System32\gdi32full.dll
0x00007fff60a00000 - 0x00007fff60a9a000 	C:\WINDOWS\System32\msvcp_win.dll
0x00007fff50220000 - 0x00007fff5022a000 	C:\WINDOWS\SYSTEM32\VERSION.dll
0x00007fff61200000 - 0x00007fff61231000 	C:\WINDOWS\System32\IMM32.DLL
0x00007fff5d7b0000 - 0x00007fff5d7bc000 	C:\Program Files\Java\jdk-17\bin\vcruntime140_1.dll
0x00007fff301d0000 - 0x00007fff3025e000 	C:\Program Files\Java\jdk-17\bin\msvcp140.dll
0x00007fff0cc10000 - 0x00007fff0d7e7000 	C:\Program Files\Java\jdk-17\bin\server\jvm.dll
0x00007fff62e80000 - 0x00007fff62e88000 	C:\WINDOWS\System32\PSAPI.DLL
0x00007fff56260000 - 0x00007fff56294000 	C:\WINDOWS\SYSTEM32\WINMM.dll
0x00007fff3e750000 - 0x00007fff3e759000 	C:\WINDOWS\SYSTEM32\WSOCK32.dll
0x00007fff620b0000 - 0x00007fff62121000 	C:\WINDOWS\System32\WS2_32.dll
0x00007fff5f800000 - 0x00007fff5f818000 	C:\WINDOWS\SYSTEM32\kernel.appcore.dll
0x00007fff4fc60000 - 0x00007fff4fc6a000 	C:\Program Files\Java\jdk-17\bin\jimage.dll
0x00007fff58080000 - 0x00007fff582b3000 	C:\WINDOWS\SYSTEM32\DBGHELP.DLL
0x00007fff617f0000 - 0x00007fff61b78000 	C:\WINDOWS\System32\combase.dll
0x00007fff62300000 - 0x00007fff623d7000 	C:\WINDOWS\System32\OLEAUT32.dll
0x00007fff3e330000 - 0x00007fff3e362000 	C:\WINDOWS\SYSTEM32\dbgcore.DLL
0x00007fff60860000 - 0x00007fff608d9000 	C:\WINDOWS\System32\bcryptPrimitives.dll
0x00007fff45840000 - 0x00007fff45865000 	C:\Program Files\Java\jdk-17\bin\java.dll
0x00007fff16c70000 - 0x00007fff16d47000 	C:\Program Files\Java\jdk-17\bin\jsvml.dll
0x00007fff62620000 - 0x00007fff62e7c000 	C:\WINDOWS\System32\SHELL32.dll
0x00007fff5e700000 - 0x00007fff5eff9000 	C:\WINDOWS\SYSTEM32\windows.storage.dll
0x00007fff5e5c0000 - 0x00007fff5e6fe000 	C:\WINDOWS\SYSTEM32\wintypes.dll
0x00007fff623f0000 - 0x00007fff624e3000 	C:\WINDOWS\System32\SHCORE.dll
0x00007fff61470000 - 0x00007fff614ce000 	C:\WINDOWS\System32\shlwapi.dll
0x00007fff60720000 - 0x00007fff60741000 	C:\WINDOWS\SYSTEM32\profapi.dll
0x00007fff3fe30000 - 0x00007fff3fe49000 	C:\Program Files\Java\jdk-17\bin\net.dll
0x00007fff588e0000 - 0x00007fff58a16000 	C:\WINDOWS\SYSTEM32\WINHTTP.dll
0x00007fff5fcf0000 - 0x00007fff5fd59000 	C:\WINDOWS\system32\mswsock.dll
0x00007fff3fc70000 - 0x00007fff3fc86000 	C:\Program Files\Java\jdk-17\bin\nio.dll
0x00007fff3e7c0000 - 0x00007fff3e7d8000 	C:\Program Files\Java\jdk-17\bin\zip.dll
0x0000000069ac0000 - 0x0000000069ae4000 	C:\apache-maven-3.9.6\lib\jansi-native\Windows\x86_64\jansi.dll
0x00007fff4fa20000 - 0x00007fff4fa30000 	C:\Program Files\Java\jdk-17\bin\verify.dll
0x00007fff5f890000 - 0x00007fff5f8c4000 	C:\WINDOWS\SYSTEM32\ntmarta.dll

dbghelp: loaded successfully - version: 4.0.5 - missing functions: none
symbol engine: initialized successfully - sym options: 0x614 - pdb path: .;C:\Program Files\Java\jdk-17\bin;C:\WINDOWS\SYSTEM32;C:\WINDOWS\WinSxS\amd64_microsoft.windows.common-controls_6595b64144ccf1df_6.0.22621.3235_none_270f74e173860f98;C:\Program Files\Java\jdk-17\bin\server;C:\apache-maven-3.9.6\lib\jansi-native\Windows\x86_64

VM Arguments:
jvm_args: -Dclassworlds.conf=C:/apache-maven-3.9.6/bin/m2.conf -Dmaven.home=C:/apache-maven-3.9.6 -Dlibrary.jansi.path=C:/apache-maven-3.9.6/lib/jansi-native -Dmaven.multiModuleProjectDirectory=C:/Users/marco/OneDrive/Documentos/Julius da promo back end/julius 
java_command: org.codehaus.plexus.classworlds.launcher.Launcher clean install
java_class_path (initial): C:/apache-maven-3.9.6/boot/plexus-classworlds-2.7.0.jar
Launcher Type: SUN_STANDARD

[Global flags]
     intx CICompilerCount                          = 3                                         {product} {ergonomic}
     uint ConcGCThreads                            = 1                                         {product} {ergonomic}
     uint G1ConcRefinementThreads                  = 4                                         {product} {ergonomic}
   size_t G1HeapRegionSize                         = 2097152                                   {product} {ergonomic}
    uintx GCDrainStackTargetSize                   = 64                                        {product} {ergonomic}
   size_t InitialHeapSize                          = 199229440                                 {product} {ergonomic}
   size_t MarkStackSize                            = 4194304                                   {product} {ergonomic}
   size_t MaxHeapSize                              = 3168796672                                {product} {ergonomic}
   size_t MaxNewSize                               = 1900019712                                {product} {ergonomic}
   size_t MinHeapDeltaBytes                        = 2097152                                   {product} {ergonomic}
   size_t MinHeapSize                              = 8388608                                   {product} {ergonomic}
    uintx NonNMethodCodeHeapSize                   = 5832780                                {pd product} {ergonomic}
    uintx NonProfiledCodeHeapSize                  = 122912730                              {pd product} {ergonomic}
    uintx ProfiledCodeHeapSize                     = 122912730                              {pd product} {ergonomic}
    uintx ReservedCodeCacheSize                    = 251658240                              {pd product} {ergonomic}
     bool SegmentedCodeCache                       = true                                      {product} {ergonomic}
   size_t SoftMaxHeapSize                          = 3168796672                             {manageable} {ergonomic}
     bool UseCompressedClassPointers               = true                           {product lp64_product} {ergonomic}
     bool UseCompressedOops                        = true                           {product lp64_product} {ergonomic}
     bool UseG1GC                                  = true                                      {product} {ergonomic}
     bool UseLargePagesIndividualAllocation        = false                                  {pd product} {ergonomic}

Logging:
Log output configuration:
 #0: stdout all=warning uptime,level,tags
 #1: stderr all=off uptime,level,tags

Environment Variables:
JAVA_HOME=C:/Program Files/Java/jdk-17
PATH=C:\Users\marco\bin;C:\Program Files\Git\mingw64\bin;C:\Program Files\Git\usr\local\bin;C:\Program Files\Git\usr\bin;C:\Program Files\Git\usr\bin;C:\Program Files\Git\mingw64\bin;C:\Program Files\Git\usr\bin;C:\Users\marco\bin;C:\src\flutter\bin\cache\dart-sdk\bin;C:\Program Files\Common Files\Oracle\Java\javapath;C:\WINDOWS\system32;C:\WINDOWS;C:\WINDOWS\System32\Wbem;C:\WINDOWS\System32\WindowsPowerShell\v1.0;C:\WINDOWS\System32\OpenSSH;C:\Program Files\Git\cmd;C:\MinGW\bin;C:\src\flutter\bin;C:\android_sdk\platform-tools;C:\android_sdk\emulator;C:\android_sdk\cmdline-tools\tools\bin;C:\Program Files\nodejs;C:\Program Files\Java\jdk-17\bin;C:\apache-maven-3.9.6\bin;C:\Program Files\PuTTY;C:\Program Files\dotnet;C:\Program Files\Docker\Docker\resources\bin;C:\Users\marco\AppData\Local\Microsoft\WindowsApps;C:\Users\marco\AppData\Local\Programs\Microsoft VS Code\bin;C:\src\flutter\bin;C:\android_sdk\cmdline-tools\latest\bin;C:\android_sdk\platform-tools;C:\android_sdk\emulator;C:\Program Files\JetBrains\IntelliJ IDEA 2023.2\bin;C:\Program Files\Azure Data Studio\bin;C:\Users\marco\AppData\Roaming\npm;C:\Users\marco\.dotnet\tools;C:\Program Files\Git\usr\bin\vendor_perl;C:\Program Files\Git\usr\bin\core_perl
USERNAME=marco
SHELL=C:\Program Files\Git\usr\bin\bash.exe
DISPLAY=needs-to-be-defined
LANG=pt_BR.UTF-8
OS=Windows_NT
PROCESSOR_IDENTIFIER=Intel64 Family 6 Model 140 Stepping 1, GenuineIntel



---------------  S Y S T E M  ---------------

OS:
 Windows 11 , 64 bit Build 22621 (10.0.22621.3374)
OS uptime: 30 days 12:58 hours
Hyper-V role detected

CPU: total 4 (initial active 4) (2 cores per cpu, 2 threads per core) family 6 model 140 stepping 1 microcode 0x8a, cx8, cmov, fxsr, ht, mmx, 3dnowpref, sse, sse2, sse3, ssse3, sse4.1, sse4.2, popcnt, lzcnt, tsc, tscinvbit, avx, avx2, aes, erms, clmul, bmi1, bmi2, adx, avx512f, avx512dq, avx512cd, avx512bw, avx512vl, sha, fma, vzeroupper, avx512_vpopcntdq, avx512_vpclmulqdq, avx512_vaes, avx512_vnni, clflush, clflushopt, clwb, avx512_vbmi2, avx512_vbmi, hv

Memory: 4k page, system-wide physical 12087M (1028M free)
TotalPageFile size 22087M (AvailPageFile size 13M)
current process WorkingSet (physical memory assigned to process): 294M, peak: 300M
current process commit charge ("private bytes"): 321M, peak: 375M

vm_info: Java HotSpot(TM) 64-Bit Server VM (17.0.6+9-LTS-190) for windows-amd64 JRE (17.0.6+9-LTS-190), built on Dec  6 2022 15:53:54 by "mach5one" with MS VC++ 17.1 (VS2022)

END.
