#
# There is insufficient memory for the Java Runtime Environment to continue.
# Native memory allocation (malloc) failed to allocate 2097152 bytes. Error detail: AllocateHeap
# Possible reasons:
#   The system is out of physical RAM or swap space
#   This process is running with CompressedOops enabled, and the Java Heap may be blocking the growth of the native heap
# Possible solutions:
#   Reduce memory load on the system
#   Increase physical memory or swap space
#   Check if swap backing store is full
#   Decrease Java heap size (-Xmx/-Xms)
#   Decrease number of Java threads
#   Decrease Java thread stack sizes (-Xss)
#   Set larger code cache with -XX:ReservedCodeCacheSize=
#   JVM is running with Unscaled Compressed Oops mode in which the Java heap is
#     placed in the first 4GB address space. The Java Heap base address is the
#     maximum limit for the native heap growth. Please use -XX:HeapBaseMinAddress
#     to set the Java Heap base and to place the Java Heap above 4GB virtual address.
# This output file may be truncated or incomplete.
#
#  Out of Memory Error (allocation.cpp:44), pid=1808, tid=13352
#
# JRE version: OpenJDK Runtime Environment Temurin-17.0.11+9 (17.0.11+9) (build 17.0.11+9)
# Java VM: OpenJDK 64-Bit Server VM Temurin-17.0.11+9 (17.0.11+9, mixed mode, emulated-client, tiered, compressed oops, compressed class ptrs, g1 gc, windows-amd64)
# No core dump will be written. Minidumps are not enabled by default on client versions of Windows
#

---------------  S U M M A R Y ------------

Command Line: -Xmx1024m -Dsts.lsp.client=vscode -Dsts.log.file=/dev/null -XX:TieredStopAtLevel=1 -Xlog:jni+resolve=off -Dspring.config.location=file:c:\Users\marco\.vscode\extensions\vmware.vscode-spring-boot-1.55.1\language-server\BOOT-INF\classes\application.properties org.springframework.ide.vscode.boot.app.BootLanguageServerBootApp

Host: 11th Gen Intel(R) Core(TM) i3-1115G4 @ 3.00GHz, 4 cores, 11G,  Windows 11 , 64 bit Build 22621 (10.0.22621.3672)
Time: Mon Jul 15 00:43:49 2024 Hora Padrão de Buenos Aires elapsed time: 191984.698019 seconds (2d 5h 19m 44s)

---------------  T H R E A D  ---------------

Current thread (0x0000025c48cd91f0):  VMThread "VM Thread" [stack: 0x00000079bbb00000,0x00000079bbc00000] [id=13352]

Stack: [0x00000079bbb00000,0x00000079bbc00000]
Native frames: (J=compiled Java code, j=interpreted, Vv=VM code, C=native code)
V  [jvm.dll+0x67d429]
V  [jvm.dll+0x834b7a]
V  [jvm.dll+0x83663e]
V  [jvm.dll+0x836ca3]
V  [jvm.dll+0x247dbf]
V  [jvm.dll+0xa6cb3]
V  [jvm.dll+0x2f8b61]
V  [jvm.dll+0x2f4750]
V  [jvm.dll+0x2dcf67]
V  [jvm.dll+0x31fb67]
V  [jvm.dll+0x83b19b]
V  [jvm.dll+0x83bed2]
V  [jvm.dll+0x83c3ed]
V  [jvm.dll+0x83c7c4]
V  [jvm.dll+0x83c890]
V  [jvm.dll+0x7e410a]
V  [jvm.dll+0x67c315]
C  [ucrtbase.dll+0x29333]
C  [KERNEL32.DLL+0x1257d]
C  [ntdll.dll+0x5af28]

VM_Operation (0x00000079bcdfeed0): G1CollectFull, mode: safepoint, requested by thread 0x0000025c4e6e1480


---------------  P R O C E S S  ---------------

Threads class SMR info:
_java_thread_list=0x0000025c4f3f2720, length=29, elements={
0x0000025c4d001490, 0x0000025c4d001f60, 0x0000025c4d032130, 0x0000025c4d034b10,
0x0000025c4d0353e0, 0x0000025c4d035cb0, 0x0000025c4d036580, 0x0000025c48d0b450,
0x0000025c4d231e60, 0x0000025c4d2394e0, 0x0000025c4e7332d0, 0x0000025c4e6e1480,
0x0000025c4e6e1960, 0x0000025c3c61e800, 0x0000025c4e745eb0, 0x0000025c4e5a7060,
0x0000025c4e82c320, 0x0000025c4e82aee0, 0x0000025c4e829590, 0x0000025c4e82be10,
0x0000025c4e829080, 0x0000025c4e8b9280, 0x0000025c4e8ba1b0, 0x0000025c4e8ba6c0,
0x0000025c4e8b5ad0, 0x0000025c4e8b8d70, 0x0000025c4e8b8350, 0x0000025c4e8bc010,
0x0000025c4e8b6f10
}

Java Threads: ( => current thread )
  0x0000025c4d001490 JavaThread "Reference Handler" daemon [_thread_blocked, id=6724, stack(0x00000079bbc00000,0x00000079bbd00000)]
  0x0000025c4d001f60 JavaThread "Finalizer" daemon [_thread_blocked, id=16260, stack(0x00000079bbd00000,0x00000079bbe00000)]
  0x0000025c4d032130 JavaThread "Signal Dispatcher" daemon [_thread_blocked, id=2068, stack(0x00000079bbe00000,0x00000079bbf00000)]
  0x0000025c4d034b10 JavaThread "Attach Listener" daemon [_thread_blocked, id=8520, stack(0x00000079bbf00000,0x00000079bc000000)]
  0x0000025c4d0353e0 JavaThread "Service Thread" daemon [_thread_blocked, id=6844, stack(0x00000079bc000000,0x00000079bc100000)]
  0x0000025c4d035cb0 JavaThread "Monitor Deflation Thread" daemon [_thread_blocked, id=12476, stack(0x00000079bc100000,0x00000079bc200000)]
  0x0000025c4d036580 JavaThread "C1 CompilerThread0" daemon [_thread_blocked, id=11792, stack(0x00000079bc200000,0x00000079bc300000)]
  0x0000025c48d0b450 JavaThread "Sweeper thread" daemon [_thread_blocked, id=18416, stack(0x00000079bc300000,0x00000079bc400000)]
  0x0000025c4d231e60 JavaThread "Notification Thread" daemon [_thread_blocked, id=18508, stack(0x00000079bc600000,0x00000079bc700000)]
  0x0000025c4d2394e0 JavaThread "Common-Cleaner" daemon [_thread_blocked, id=13592, stack(0x00000079bc800000,0x00000079bc900000)]
  0x0000025c4e7332d0 JavaThread "boundedElastic-evictor-1" daemon [_thread_blocked, id=6104, stack(0x00000079bcc00000,0x00000079bcd00000)]
  0x0000025c4e6e1480 JavaThread "pool-13-thread-1" [_thread_blocked, id=16796, stack(0x00000079bcd00000,0x00000079bce00000)]
  0x0000025c4e6e1960 JavaThread "LanguageServerApp-lifecycle" [_thread_blocked, id=9340, stack(0x00000079bce00000,0x00000079bcf00000)]
  0x0000025c3c61e800 JavaThread "DestroyJavaVM" [_thread_blocked, id=13956, stack(0x00000079bb400000,0x00000079bb500000)]
  0x0000025c4e745eb0 JavaThread "pool-14-thread-1" [_thread_blocked, id=15560, stack(0x00000079bcf00000,0x00000079bd000000)]
  0x0000025c4e5a7060 JavaThread "Simple-Language-Server main thread" daemon [_thread_blocked, id=11516, stack(0x00000079bd000000,0x00000079bd100000)]
  0x0000025c4e82c320 JavaThread "pool-8-thread-1" [_thread_blocked, id=12976, stack(0x00000079bd400000,0x00000079bd500000)]
  0x0000025c4e82aee0 JavaThread "parallel-1" daemon [_thread_blocked, id=11384, stack(0x00000079bd500000,0x00000079bd600000)]
  0x0000025c4e829590 JavaThread "Reconciler-1" daemon [_thread_blocked, id=9448, stack(0x00000079bdb00000,0x00000079bdc00000)]
  0x0000025c4e82be10 JavaThread "parallel-2" daemon [_thread_blocked, id=17300, stack(0x00000079bdc00000,0x00000079bdd00000)]
  0x0000025c4e829080 JavaThread "pool-6-thread-1" [_thread_blocked, id=8408, stack(0x00000079bdd00000,0x00000079bde00000)]
  0x0000025c4e8b9280 JavaThread "parallel-3" daemon [_thread_blocked, id=19152, stack(0x00000079bde00000,0x00000079bdf00000)]
  0x0000025c4e8ba1b0 JavaThread "parallel-4" daemon [_thread_blocked, id=10408, stack(0x00000079be000000,0x00000079be100000)]
  0x0000025c4e8ba6c0 JavaThread "CompletableFutureDelayScheduler" daemon [_thread_blocked, id=19724, stack(0x00000079bd800000,0x00000079bd900000)]
  0x0000025c4e8b5ad0 JavaThread "ForkJoinPool.commonPool-worker-119" daemon [_thread_blocked, id=13376, stack(0x00000079bc500000,0x00000079bc600000)]
  0x0000025c4e8b8d70 JavaThread "pool-5-thread-363" [_thread_blocked, id=9972, stack(0x00000079bb300000,0x00000079bb400000)]
  0x0000025c4e8b8350 JavaThread "pool-5-thread-365" [_thread_blocked, id=12464, stack(0x00000079bd300000,0x00000079bd400000)]
  0x0000025c4e8bc010 JavaThread "pool-5-thread-366" [_thread_blocked, id=21372, stack(0x00000079bd700000,0x00000079bd800000)]
  0x0000025c4e8b6f10 JavaThread "pool-5-thread-367" [_thread_blocked, id=14196, stack(0x00000079bda00000,0x00000079bdb00000)]

Other Threads:
=>0x0000025c48cd91f0 VMThread "VM Thread" [stack: 0x00000079bbb00000,0x00000079bbc00000] [id=13352]
  0x0000025c4d232340 WatcherThread [stack: 0x00000079bc700000,0x00000079bc800000] [id=13388]
  0x0000025c3e797f90 GCTaskThread "GC Thread#0" [stack: 0x00000079bb600000,0x00000079bb700000] [id=8420]
  0x0000025c4d8bf310 GCTaskThread "GC Thread#1" [stack: 0x00000079bc900000,0x00000079bca00000] [id=10528]
  0x0000025c4d8bf5d0 GCTaskThread "GC Thread#2" [stack: 0x00000079bca00000,0x00000079bcb00000] [id=14868]
  0x0000025c4d8bf890 GCTaskThread "GC Thread#3" [stack: 0x00000079bcb00000,0x00000079bcc00000] [id=16408]
  0x0000025c3e7a0df0 ConcurrentGCThread "G1 Main Marker" [stack: 0x00000079bb700000,0x00000079bb800000] [id=10216]
  0x0000025c3e7a1720 ConcurrentGCThread "G1 Conc#0" [stack: 0x00000079bb800000,0x00000079bb900000] [id=17620]
  0x0000025c3e7fd6f0 ConcurrentGCThread "G1 Refine#0" [stack: 0x00000079bb900000,0x00000079bba00000] [id=3716]
  0x0000025c4f2b9560 ConcurrentGCThread "G1 Refine#1" [stack: 0x00000079bd900000,0x00000079bda00000] [id=16364]
  0x0000025c48b54240 ConcurrentGCThread "G1 Service" [stack: 0x00000079bba00000,0x00000079bbb00000] [id=3844]

Threads with active compile tasks:

VM state: at safepoint (normal execution)

VM Mutex/Monitor currently owned by a thread:  ([mutex/lock_event])
[0x0000025c3c567330] Threads_lock - owner thread: 0x0000025c48cd91f0
[0x0000025c3c5610c0] Heap_lock - owner thread: 0x0000025c4e6e1480

Heap address: 0x00000000c0000000, size: 1024 MB, Compressed Oops mode: 32-bit

CDS archive(s) not mapped
Compressed class space mapped at: 0x0000000100000000-0x0000000140000000, reserved size: 1073741824
Narrow klass base: 0x0000000000000000, Narrow klass shift: 3, Narrow klass range: 0x140000000

GC Precious Log:
 CPUs: 4 total, 4 available
 Memory: 12087M
 Large Page Support: Disabled
 NUMA Support: Disabled
 Compressed Oops: Enabled (32-bit)
 Heap Region Size: 1M
 Heap Min Capacity: 8M
 Heap Initial Capacity: 190M
 Heap Max Capacity: 1G
 Pre-touch: Disabled
 Parallel Workers: 4
 Concurrent Workers: 1
 Concurrent Refinement Workers: 4
 Periodic GC: Disabled

Heap:
 garbage-first heap   total 171008K, used 50736K [0x00000000c0000000, 0x0000000100000000)
  region size 1024K, 1 young (1024K), 0 survivors (0K)
 Metaspace       used 67144K, committed 67712K, reserved 1114112K
  class space    used 8895K, committed 9152K, reserved 1048576K

Heap Regions: E=young(eden), S=young(survivor), O=old, HS=humongous(starts), HC=humongous(continues), CS=collection set, F=free, OA=open archive, CA=closed archive, TAMS=top-at-mark-start (previous, next)
|   0|0x00000000c0000000, 0x00000000c0100000, 0x00000000c0100000|100%|HS|  |TAMS 0x00000000c0100000, 0x00000000c0000000| Untracked 
|   1|0x00000000c0100000, 0x00000000c0200000, 0x00000000c0200000|100%|HC|  |TAMS 0x00000000c0200000, 0x00000000c0100000| Untracked 
|   2|0x00000000c0200000, 0x00000000c0300000, 0x00000000c0300000|100%|HC|  |TAMS 0x00000000c0300000, 0x00000000c0200000| Untracked 
|   3|0x00000000c0300000, 0x00000000c0400000, 0x00000000c0400000|100%|HC|  |TAMS 0x00000000c0400000, 0x00000000c0300000| Untracked 
|   4|0x00000000c0400000, 0x00000000c04fffc8, 0x00000000c0500000| 99%| O|  |TAMS 0x00000000c04fffc8, 0x00000000c0400000| Untracked 
|   5|0x00000000c0500000, 0x00000000c05fb9e8, 0x00000000c0600000| 98%| O|  |TAMS 0x00000000c05fb9e8, 0x00000000c0500000| Untracked 
|   6|0x00000000c0600000, 0x00000000c06fffc0, 0x00000000c0700000| 99%| O|  |TAMS 0x00000000c06fffc0, 0x00000000c0600000| Untracked 
|   7|0x00000000c0700000, 0x00000000c0800000, 0x00000000c0800000|100%| O|  |TAMS 0x00000000c0800000, 0x00000000c0700000| Untracked 
|   8|0x00000000c0800000, 0x00000000c0900000, 0x00000000c0900000|100%| O|  |TAMS 0x00000000c0900000, 0x00000000c0800000| Untracked 
|   9|0x00000000c0900000, 0x00000000c0a00000, 0x00000000c0a00000|100%| O|  |TAMS 0x00000000c0a00000, 0x00000000c0900000| Untracked 
|  10|0x00000000c0a00000, 0x00000000c0b00000, 0x00000000c0b00000|100%|HS|  |TAMS 0x00000000c0b00000, 0x00000000c0a00000| Untracked 
|  11|0x00000000c0b00000, 0x00000000c0c00000, 0x00000000c0c00000|100%|HC|  |TAMS 0x00000000c0c00000, 0x00000000c0b00000| Untracked 
|  12|0x00000000c0c00000, 0x00000000c0d00000, 0x00000000c0d00000|100%| O|  |TAMS 0x00000000c0d00000, 0x00000000c0c00000| Untracked 
|  13|0x00000000c0d00000, 0x00000000c0dfcea0, 0x00000000c0e00000| 98%| O|  |TAMS 0x00000000c0dfcea0, 0x00000000c0d00000| Untracked 
|  14|0x00000000c0e00000, 0x00000000c0f00000, 0x00000000c0f00000|100%| O|  |TAMS 0x00000000c0f00000, 0x00000000c0e00000| Untracked 
|  15|0x00000000c0f00000, 0x00000000c1000000, 0x00000000c1000000|100%| O|  |TAMS 0x00000000c1000000, 0x00000000c0f00000| Untracked 
|  16|0x00000000c1000000, 0x00000000c10ffff8, 0x00000000c1100000| 99%| O|  |TAMS 0x00000000c10ffff8, 0x00000000c1000000| Untracked 
|  17|0x00000000c1100000, 0x00000000c11ffff0, 0x00000000c1200000| 99%| O|  |TAMS 0x00000000c11ffff0, 0x00000000c1100000| Untracked 
|  18|0x00000000c1200000, 0x00000000c12fffe8, 0x00000000c1300000| 99%| O|  |TAMS 0x00000000c12fffe8, 0x00000000c1200000| Untracked 
|  19|0x00000000c1300000, 0x00000000c13fff18, 0x00000000c1400000| 99%| O|  |TAMS 0x00000000c13fff18, 0x00000000c1300000| Untracked 
|  20|0x00000000c1400000, 0x00000000c14fffd8, 0x00000000c1500000| 99%| O|  |TAMS 0x00000000c14fffd8, 0x00000000c1400000| Untracked 
|  21|0x00000000c1500000, 0x00000000c15ffff8, 0x00000000c1600000| 99%| O|  |TAMS 0x00000000c15ffff8, 0x00000000c1500000| Untracked 
|  22|0x00000000c1600000, 0x00000000c16fffe0, 0x00000000c1700000| 99%| O|  |TAMS 0x00000000c16fffe0, 0x00000000c1600000| Untracked 
|  23|0x00000000c1700000, 0x00000000c17ffff8, 0x00000000c1800000| 99%| O|  |TAMS 0x00000000c17ffff8, 0x00000000c1700000| Untracked 
|  24|0x00000000c1800000, 0x00000000c18fffe8, 0x00000000c1900000| 99%| O|  |TAMS 0x00000000c18fffe8, 0x00000000c1800000| Untracked 
|  25|0x00000000c1900000, 0x00000000c19fffe0, 0x00000000c1a00000| 99%| O|  |TAMS 0x00000000c19fffe0, 0x00000000c1900000| Untracked 
|  26|0x00000000c1a00000, 0x00000000c1affff0, 0x00000000c1b00000| 99%| O|  |TAMS 0x00000000c1affff0, 0x00000000c1a00000| Untracked 
|  27|0x00000000c1b00000, 0x00000000c1bfffb0, 0x00000000c1c00000| 99%| O|  |TAMS 0x00000000c1bfffb0, 0x00000000c1b00000| Untracked 
|  28|0x00000000c1c00000, 0x00000000c1cffff0, 0x00000000c1d00000| 99%| O|  |TAMS 0x00000000c1cffff0, 0x00000000c1c00000| Untracked 
|  29|0x00000000c1d00000, 0x00000000c1dffff0, 0x00000000c1e00000| 99%| O|  |TAMS 0x00000000c1dffff0, 0x00000000c1d00000| Untracked 
|  30|0x00000000c1e00000, 0x00000000c1efffa8, 0x00000000c1f00000| 99%| O|  |TAMS 0x00000000c1efffa8, 0x00000000c1e00000| Untracked 
|  31|0x00000000c1f00000, 0x00000000c1ffffe8, 0x00000000c2000000| 99%| O|  |TAMS 0x00000000c1ffffe8, 0x00000000c1f00000| Untracked 
|  32|0x00000000c2000000, 0x00000000c20fffe8, 0x00000000c2100000| 99%| O|  |TAMS 0x00000000c20fffe8, 0x00000000c2000000| Untracked 
|  33|0x00000000c2100000, 0x00000000c21ffff0, 0x00000000c2200000| 99%| O|  |TAMS 0x00000000c21ffff0, 0x00000000c2100000| Untracked 
|  34|0x00000000c2200000, 0x00000000c2300000, 0x00000000c2300000|100%| O|  |TAMS 0x00000000c2300000, 0x00000000c2200000| Untracked 
|  35|0x00000000c2300000, 0x00000000c23fffe0, 0x00000000c2400000| 99%| O|  |TAMS 0x00000000c23fffe0, 0x00000000c2300000| Untracked 
|  36|0x00000000c2400000, 0x00000000c24ffe60, 0x00000000c2500000| 99%| O|  |TAMS 0x00000000c24ffe60, 0x00000000c2400000| Untracked 
|  37|0x00000000c2500000, 0x00000000c25e63e0, 0x00000000c2600000| 89%| O|  |TAMS 0x00000000c2500000, 0x00000000c2500000| Untracked 
|  38|0x00000000c2600000, 0x00000000c26ffff0, 0x00000000c2700000| 99%| O|  |TAMS 0x00000000c26ffff0, 0x00000000c2600000| Untracked 
|  39|0x00000000c2700000, 0x00000000c27fe938, 0x00000000c2800000| 99%| O|  |TAMS 0x00000000c27fe938, 0x00000000c2700000| Untracked 
|  40|0x00000000c2800000, 0x00000000c28af030, 0x00000000c2900000| 68%| O|  |TAMS 0x00000000c2800000, 0x00000000c2800000| Untracked 
|  41|0x00000000c2900000, 0x00000000c2900068, 0x00000000c2a00000|  0%| O|  |TAMS 0x00000000c2900000, 0x00000000c2900000| Untracked 
|  42|0x00000000c2a00000, 0x00000000c2a00000, 0x00000000c2b00000|  0%| F|  |TAMS 0x00000000c2a00000, 0x00000000c2a00000| Untracked 
|  43|0x00000000c2b00000, 0x00000000c2c00000, 0x00000000c2c00000|100%|HS|  |TAMS 0x00000000c2c00000, 0x00000000c2b00000| Untracked 
|  44|0x00000000c2c00000, 0x00000000c2d00000, 0x00000000c2d00000|100%|HS|  |TAMS 0x00000000c2d00000, 0x00000000c2c00000| Untracked 
|  45|0x00000000c2d00000, 0x00000000c2d00000, 0x00000000c2e00000|  0%| F|  |TAMS 0x00000000c2d00000, 0x00000000c2d00000| Untracked 
|  46|0x00000000c2e00000, 0x00000000c2e00000, 0x00000000c2f00000|  0%| F|  |TAMS 0x00000000c2e00000, 0x00000000c2e00000| Untracked 
|  47|0x00000000c2f00000, 0x00000000c2f00000, 0x00000000c3000000|  0%| F|  |TAMS 0x00000000c2f00000, 0x00000000c2f00000| Untracked 
|  48|0x00000000c3000000, 0x00000000c3100000, 0x00000000c3100000|100%| O|  |TAMS 0x00000000c3100000, 0x00000000c3000000| Untracked 
|  49|0x00000000c3100000, 0x00000000c3100000, 0x00000000c3200000|  0%| F|  |TAMS 0x00000000c3100000, 0x00000000c3100000| Untracked 
|  50|0x00000000c3200000, 0x00000000c3300000, 0x00000000c3300000|100%| O|  |TAMS 0x00000000c3300000, 0x00000000c3200000| Untracked 
|  51|0x00000000c3300000, 0x00000000c3400000, 0x00000000c3400000|100%| O|  |TAMS 0x00000000c3400000, 0x00000000c3300000| Untracked 
|  52|0x00000000c3400000, 0x00000000c3500000, 0x00000000c3500000|100%| O|  |TAMS 0x00000000c3500000, 0x00000000c3400000| Untracked 
|  53|0x00000000c3500000, 0x00000000c3600000, 0x00000000c3600000|100%| O|  |TAMS 0x00000000c3600000, 0x00000000c3500000| Untracked 
|  54|0x00000000c3600000, 0x00000000c3700000, 0x00000000c3700000|100%| O|  |TAMS 0x00000000c3700000, 0x00000000c3600000| Untracked 
|  55|0x00000000c3700000, 0x00000000c3800000, 0x00000000c3800000|100%| O|  |TAMS 0x00000000c3800000, 0x00000000c3700000| Untracked 
|  56|0x00000000c3800000, 0x00000000c3800000, 0x00000000c3900000|  0%| F|  |TAMS 0x00000000c3800000, 0x00000000c3800000| Untracked 
|  57|0x00000000c3900000, 0x00000000c3900000, 0x00000000c3a00000|  0%| F|  |TAMS 0x00000000c3900000, 0x00000000c3900000| Untracked 
|  58|0x00000000c3a00000, 0x00000000c3a00000, 0x00000000c3b00000|  0%| F|  |TAMS 0x00000000c3a00000, 0x00000000c3a00000| Untracked 
|  59|0x00000000c3b00000, 0x00000000c3b00000, 0x00000000c3c00000|  0%| F|  |TAMS 0x00000000c3b00000, 0x00000000c3b00000| Untracked 
|  60|0x00000000c3c00000, 0x00000000c3c00000, 0x00000000c3d00000|  0%| F|  |TAMS 0x00000000c3c00000, 0x00000000c3c00000| Untracked 
|  61|0x00000000c3d00000, 0x00000000c3d00000, 0x00000000c3e00000|  0%| F|  |TAMS 0x00000000c3d00000, 0x00000000c3d00000| Untracked 
|  62|0x00000000c3e00000, 0x00000000c3e00000, 0x00000000c3f00000|  0%| F|  |TAMS 0x00000000c3e00000, 0x00000000c3e00000| Untracked 
|  63|0x00000000c3f00000, 0x00000000c3f00000, 0x00000000c4000000|  0%| F|  |TAMS 0x00000000c3f00000, 0x00000000c3f00000| Untracked 
|  64|0x00000000c4000000, 0x00000000c4000000, 0x00000000c4100000|  0%| F|  |TAMS 0x00000000c4000000, 0x00000000c4000000| Untracked 
|  65|0x00000000c4100000, 0x00000000c4100000, 0x00000000c4200000|  0%| F|  |TAMS 0x00000000c4100000, 0x00000000c4100000| Untracked 
|  66|0x00000000c4200000, 0x00000000c4200000, 0x00000000c4300000|  0%| F|  |TAMS 0x00000000c4200000, 0x00000000c4200000| Untracked 
|  67|0x00000000c4300000, 0x00000000c4300000, 0x00000000c4400000|  0%| F|  |TAMS 0x00000000c4300000, 0x00000000c4300000| Untracked 
|  68|0x00000000c4400000, 0x00000000c4400000, 0x00000000c4500000|  0%| F|  |TAMS 0x00000000c4400000, 0x00000000c4400000| Untracked 
|  69|0x00000000c4500000, 0x00000000c4500000, 0x00000000c4600000|  0%| F|  |TAMS 0x00000000c4500000, 0x00000000c4500000| Untracked 
|  70|0x00000000c4600000, 0x00000000c4600000, 0x00000000c4700000|  0%| F|  |TAMS 0x00000000c4600000, 0x00000000c4600000| Untracked 
|  71|0x00000000c4700000, 0x00000000c4700000, 0x00000000c4800000|  0%| F|  |TAMS 0x00000000c4700000, 0x00000000c4700000| Untracked 
|  72|0x00000000c4800000, 0x00000000c4800000, 0x00000000c4900000|  0%| F|  |TAMS 0x00000000c4800000, 0x00000000c4800000| Untracked 
|  73|0x00000000c4900000, 0x00000000c4900000, 0x00000000c4a00000|  0%| F|  |TAMS 0x00000000c4900000, 0x00000000c4900000| Untracked 
|  74|0x00000000c4a00000, 0x00000000c4a00000, 0x00000000c4b00000|  0%| F|  |TAMS 0x00000000c4a00000, 0x00000000c4a00000| Untracked 
|  75|0x00000000c4b00000, 0x00000000c4b00000, 0x00000000c4c00000|  0%| F|  |TAMS 0x00000000c4b00000, 0x00000000c4b00000| Untracked 
|  76|0x00000000c4c00000, 0x00000000c4c00000, 0x00000000c4d00000|  0%| F|  |TAMS 0x00000000c4c00000, 0x00000000c4c00000| Untracked 
|  77|0x00000000c4d00000, 0x00000000c4d00000, 0x00000000c4e00000|  0%| F|  |TAMS 0x00000000c4d00000, 0x00000000c4d00000| Untracked 
|  78|0x00000000c4e00000, 0x00000000c4e00000, 0x00000000c4f00000|  0%| F|  |TAMS 0x00000000c4e00000, 0x00000000c4e00000| Untracked 
|  79|0x00000000c4f00000, 0x00000000c4f00000, 0x00000000c5000000|  0%| F|  |TAMS 0x00000000c4f00000, 0x00000000c4f00000| Untracked 
|  80|0x00000000c5000000, 0x00000000c5000000, 0x00000000c5100000|  0%| F|  |TAMS 0x00000000c5000000, 0x00000000c5000000| Untracked 
|  81|0x00000000c5100000, 0x00000000c5100000, 0x00000000c5200000|  0%| F|  |TAMS 0x00000000c5100000, 0x00000000c5100000| Untracked 
|  82|0x00000000c5200000, 0x00000000c5200000, 0x00000000c5300000|  0%| F|  |TAMS 0x00000000c5200000, 0x00000000c5200000| Untracked 
|  83|0x00000000c5300000, 0x00000000c5300000, 0x00000000c5400000|  0%| F|  |TAMS 0x00000000c5300000, 0x00000000c5300000| Untracked 
|  84|0x00000000c5400000, 0x00000000c5400000, 0x00000000c5500000|  0%| F|  |TAMS 0x00000000c5400000, 0x00000000c5400000| Untracked 
|  85|0x00000000c5500000, 0x00000000c5500000, 0x00000000c5600000|  0%| F|  |TAMS 0x00000000c5500000, 0x00000000c5500000| Untracked 
|  86|0x00000000c5600000, 0x00000000c5600000, 0x00000000c5700000|  0%| F|  |TAMS 0x00000000c5600000, 0x00000000c5600000| Untracked 
|  87|0x00000000c5700000, 0x00000000c5700000, 0x00000000c5800000|  0%| F|  |TAMS 0x00000000c5700000, 0x00000000c5700000| Untracked 
|  88|0x00000000c5800000, 0x00000000c5800000, 0x00000000c5900000|  0%| F|  |TAMS 0x00000000c5800000, 0x00000000c5800000| Untracked 
|  89|0x00000000c5900000, 0x00000000c5900000, 0x00000000c5a00000|  0%| F|  |TAMS 0x00000000c5900000, 0x00000000c5900000| Untracked 
|  90|0x00000000c5a00000, 0x00000000c5a00000, 0x00000000c5b00000|  0%| F|  |TAMS 0x00000000c5a00000, 0x00000000c5a00000| Untracked 
|  91|0x00000000c5b00000, 0x00000000c5b00000, 0x00000000c5c00000|  0%| F|  |TAMS 0x00000000c5b00000, 0x00000000c5b00000| Untracked 
|  92|0x00000000c5c00000, 0x00000000c5c00000, 0x00000000c5d00000|  0%| F|  |TAMS 0x00000000c5c00000, 0x00000000c5c00000| Untracked 
|  93|0x00000000c5d00000, 0x00000000c5d00000, 0x00000000c5e00000|  0%| F|  |TAMS 0x00000000c5d00000, 0x00000000c5d00000| Untracked 
|  94|0x00000000c5e00000, 0x00000000c5e00000, 0x00000000c5f00000|  0%| F|  |TAMS 0x00000000c5e00000, 0x00000000c5e00000| Untracked 
|  95|0x00000000c5f00000, 0x00000000c5f00000, 0x00000000c6000000|  0%| F|  |TAMS 0x00000000c5f00000, 0x00000000c5f00000| Untracked 
|  96|0x00000000c6000000, 0x00000000c6000000, 0x00000000c6100000|  0%| F|  |TAMS 0x00000000c6000000, 0x00000000c6000000| Untracked 
|  97|0x00000000c6100000, 0x00000000c6100000, 0x00000000c6200000|  0%| F|  |TAMS 0x00000000c6100000, 0x00000000c6100000| Untracked 
|  98|0x00000000c6200000, 0x00000000c6200000, 0x00000000c6300000|  0%| F|  |TAMS 0x00000000c6200000, 0x00000000c6200000| Untracked 
|  99|0x00000000c6300000, 0x00000000c6300000, 0x00000000c6400000|  0%| F|  |TAMS 0x00000000c6300000, 0x00000000c6300000| Untracked 
| 100|0x00000000c6400000, 0x00000000c6400000, 0x00000000c6500000|  0%| F|  |TAMS 0x00000000c6400000, 0x00000000c6400000| Untracked 
| 101|0x00000000c6500000, 0x00000000c6500000, 0x00000000c6600000|  0%| F|  |TAMS 0x00000000c6500000, 0x00000000c6500000| Untracked 
| 102|0x00000000c6600000, 0x00000000c6600000, 0x00000000c6700000|  0%| F|  |TAMS 0x00000000c6600000, 0x00000000c6600000| Untracked 
| 103|0x00000000c6700000, 0x00000000c6700000, 0x00000000c6800000|  0%| F|  |TAMS 0x00000000c6700000, 0x00000000c6700000| Untracked 
| 104|0x00000000c6800000, 0x00000000c6800000, 0x00000000c6900000|  0%| F|  |TAMS 0x00000000c6800000, 0x00000000c6800000| Untracked 
| 105|0x00000000c6900000, 0x00000000c6900000, 0x00000000c6a00000|  0%| F|  |TAMS 0x00000000c6900000, 0x00000000c6900000| Untracked 
| 106|0x00000000c6a00000, 0x00000000c6a00000, 0x00000000c6b00000|  0%| F|  |TAMS 0x00000000c6a00000, 0x00000000c6a00000| Untracked 
| 107|0x00000000c6b00000, 0x00000000c6b00000, 0x00000000c6c00000|  0%| F|  |TAMS 0x00000000c6b00000, 0x00000000c6b00000| Untracked 
| 108|0x00000000c6c00000, 0x00000000c6c00000, 0x00000000c6d00000|  0%| F|  |TAMS 0x00000000c6c00000, 0x00000000c6c00000| Untracked 
| 109|0x00000000c6d00000, 0x00000000c6d00000, 0x00000000c6e00000|  0%| F|  |TAMS 0x00000000c6d00000, 0x00000000c6d00000| Untracked 
| 110|0x00000000c6e00000, 0x00000000c6e00000, 0x00000000c6f00000|  0%| F|  |TAMS 0x00000000c6e00000, 0x00000000c6e00000| Untracked 
| 111|0x00000000c6f00000, 0x00000000c6f00000, 0x00000000c7000000|  0%| F|  |TAMS 0x00000000c6f00000, 0x00000000c6f00000| Untracked 
| 112|0x00000000c7000000, 0x00000000c7000000, 0x00000000c7100000|  0%| F|  |TAMS 0x00000000c7000000, 0x00000000c7000000| Untracked 
| 113|0x00000000c7100000, 0x00000000c7100000, 0x00000000c7200000|  0%| F|  |TAMS 0x00000000c7100000, 0x00000000c7100000| Untracked 
| 114|0x00000000c7200000, 0x00000000c7200000, 0x00000000c7300000|  0%| F|  |TAMS 0x00000000c7200000, 0x00000000c7200000| Untracked 
| 115|0x00000000c7300000, 0x00000000c7300000, 0x00000000c7400000|  0%| F|  |TAMS 0x00000000c7300000, 0x00000000c7300000| Untracked 
| 116|0x00000000c7400000, 0x00000000c7400000, 0x00000000c7500000|  0%| F|  |TAMS 0x00000000c7400000, 0x00000000c7400000| Untracked 
| 117|0x00000000c7500000, 0x00000000c7500000, 0x00000000c7600000|  0%| F|  |TAMS 0x00000000c7500000, 0x00000000c7500000| Untracked 
| 118|0x00000000c7600000, 0x00000000c7600000, 0x00000000c7700000|  0%| F|  |TAMS 0x00000000c7600000, 0x00000000c7600000| Untracked 
| 119|0x00000000c7700000, 0x00000000c7700000, 0x00000000c7800000|  0%| F|  |TAMS 0x00000000c7700000, 0x00000000c7700000| Untracked 
| 120|0x00000000c7800000, 0x00000000c7800000, 0x00000000c7900000|  0%| F|  |TAMS 0x00000000c7800000, 0x00000000c7800000| Untracked 
| 121|0x00000000c7900000, 0x00000000c7900000, 0x00000000c7a00000|  0%| F|  |TAMS 0x00000000c7900000, 0x00000000c7900000| Untracked 
| 122|0x00000000c7a00000, 0x00000000c7a00000, 0x00000000c7b00000|  0%| F|  |TAMS 0x00000000c7a00000, 0x00000000c7a00000| Untracked 
| 123|0x00000000c7b00000, 0x00000000c7b00000, 0x00000000c7c00000|  0%| F|  |TAMS 0x00000000c7b00000, 0x00000000c7b00000| Untracked 
| 124|0x00000000c7c00000, 0x00000000c7c00000, 0x00000000c7d00000|  0%| F|  |TAMS 0x00000000c7c00000, 0x00000000c7c00000| Untracked 
| 125|0x00000000c7d00000, 0x00000000c7d00000, 0x00000000c7e00000|  0%| F|  |TAMS 0x00000000c7d00000, 0x00000000c7d00000| Untracked 
| 126|0x00000000c7e00000, 0x00000000c7e00000, 0x00000000c7f00000|  0%| F|  |TAMS 0x00000000c7e00000, 0x00000000c7e00000| Untracked 
| 127|0x00000000c7f00000, 0x00000000c7f00000, 0x00000000c8000000|  0%| F|  |TAMS 0x00000000c7f00000, 0x00000000c7f00000| Untracked 
| 128|0x00000000c8000000, 0x00000000c8000000, 0x00000000c8100000|  0%| F|  |TAMS 0x00000000c8000000, 0x00000000c8000000| Untracked 
| 129|0x00000000c8100000, 0x00000000c8100000, 0x00000000c8200000|  0%| F|  |TAMS 0x00000000c8100000, 0x00000000c8100000| Untracked 
| 130|0x00000000c8200000, 0x00000000c8200000, 0x00000000c8300000|  0%| F|  |TAMS 0x00000000c8200000, 0x00000000c8200000| Untracked 
| 131|0x00000000c8300000, 0x00000000c8300000, 0x00000000c8400000|  0%| F|  |TAMS 0x00000000c8300000, 0x00000000c8300000| Untracked 
| 132|0x00000000c8400000, 0x00000000c8400000, 0x00000000c8500000|  0%| F|  |TAMS 0x00000000c8400000, 0x00000000c8400000| Untracked 
| 133|0x00000000c8500000, 0x00000000c8500000, 0x00000000c8600000|  0%| F|  |TAMS 0x00000000c8500000, 0x00000000c8500000| Untracked 
| 134|0x00000000c8600000, 0x00000000c8600000, 0x00000000c8700000|  0%| F|  |TAMS 0x00000000c8600000, 0x00000000c8600000| Untracked 
| 135|0x00000000c8700000, 0x00000000c8700000, 0x00000000c8800000|  0%| F|  |TAMS 0x00000000c8700000, 0x00000000c8700000| Untracked 
| 136|0x00000000c8800000, 0x00000000c8800000, 0x00000000c8900000|  0%| F|  |TAMS 0x00000000c8800000, 0x00000000c8800000| Untracked 
| 137|0x00000000c8900000, 0x00000000c8900000, 0x00000000c8a00000|  0%| F|  |TAMS 0x00000000c8900000, 0x00000000c8900000| Untracked 
| 138|0x00000000c8a00000, 0x00000000c8a00000, 0x00000000c8b00000|  0%| F|  |TAMS 0x00000000c8a00000, 0x00000000c8a00000| Untracked 
| 139|0x00000000c8b00000, 0x00000000c8b00000, 0x00000000c8c00000|  0%| F|  |TAMS 0x00000000c8b00000, 0x00000000c8b00000| Untracked 
| 140|0x00000000c8c00000, 0x00000000c8c00000, 0x00000000c8d00000|  0%| F|  |TAMS 0x00000000c8c00000, 0x00000000c8c00000| Untracked 
| 141|0x00000000c8d00000, 0x00000000c8d00000, 0x00000000c8e00000|  0%| F|  |TAMS 0x00000000c8d00000, 0x00000000c8d00000| Untracked 
| 142|0x00000000c8e00000, 0x00000000c8e00000, 0x00000000c8f00000|  0%| F|  |TAMS 0x00000000c8e00000, 0x00000000c8e00000| Untracked 
| 143|0x00000000c8f00000, 0x00000000c8f00000, 0x00000000c9000000|  0%| F|  |TAMS 0x00000000c8f00000, 0x00000000c8f00000| Untracked 
| 144|0x00000000c9000000, 0x00000000c9000000, 0x00000000c9100000|  0%| F|  |TAMS 0x00000000c9000000, 0x00000000c9000000| Untracked 
| 145|0x00000000c9100000, 0x00000000c9100000, 0x00000000c9200000|  0%| F|  |TAMS 0x00000000c9100000, 0x00000000c9100000| Untracked 
| 146|0x00000000c9200000, 0x00000000c9200000, 0x00000000c9300000|  0%| F|  |TAMS 0x00000000c9200000, 0x00000000c9200000| Untracked 
| 147|0x00000000c9300000, 0x00000000c9300000, 0x00000000c9400000|  0%| F|  |TAMS 0x00000000c9300000, 0x00000000c9300000| Untracked 
| 148|0x00000000c9400000, 0x00000000c9400000, 0x00000000c9500000|  0%| F|  |TAMS 0x00000000c9400000, 0x00000000c9400000| Untracked 
| 149|0x00000000c9500000, 0x00000000c9500000, 0x00000000c9600000|  0%| F|  |TAMS 0x00000000c9500000, 0x00000000c9500000| Untracked 
| 150|0x00000000c9600000, 0x00000000c9600000, 0x00000000c9700000|  0%| F|  |TAMS 0x00000000c9600000, 0x00000000c9600000| Untracked 
| 151|0x00000000c9700000, 0x00000000c9700000, 0x00000000c9800000|  0%| F|  |TAMS 0x00000000c9700000, 0x00000000c9700000| Untracked 
| 152|0x00000000c9800000, 0x00000000c9800000, 0x00000000c9900000|  0%| F|  |TAMS 0x00000000c9800000, 0x00000000c9800000| Untracked 
| 153|0x00000000c9900000, 0x00000000c9900000, 0x00000000c9a00000|  0%| F|  |TAMS 0x00000000c9900000, 0x00000000c9900000| Untracked 
| 154|0x00000000c9a00000, 0x00000000c9a00000, 0x00000000c9b00000|  0%| F|  |TAMS 0x00000000c9a00000, 0x00000000c9a00000| Untracked 
| 155|0x00000000c9b00000, 0x00000000c9b00000, 0x00000000c9c00000|  0%| F|  |TAMS 0x00000000c9b00000, 0x00000000c9b00000| Untracked 
| 156|0x00000000c9c00000, 0x00000000c9c00000, 0x00000000c9d00000|  0%| F|  |TAMS 0x00000000c9c00000, 0x00000000c9c00000| Untracked 
| 157|0x00000000c9d00000, 0x00000000c9d00000, 0x00000000c9e00000|  0%| F|  |TAMS 0x00000000c9d00000, 0x00000000c9d00000| Untracked 
| 158|0x00000000c9e00000, 0x00000000c9e00000, 0x00000000c9f00000|  0%| F|  |TAMS 0x00000000c9e00000, 0x00000000c9e00000| Untracked 
| 159|0x00000000c9f00000, 0x00000000c9f00000, 0x00000000ca000000|  0%| F|  |TAMS 0x00000000c9f00000, 0x00000000c9f00000| Untracked 
| 160|0x00000000ca000000, 0x00000000ca000000, 0x00000000ca100000|  0%| F|  |TAMS 0x00000000ca000000, 0x00000000ca000000| Untracked 
| 161|0x00000000ca100000, 0x00000000ca100000, 0x00000000ca200000|  0%| F|  |TAMS 0x00000000ca100000, 0x00000000ca100000| Untracked 
| 162|0x00000000ca200000, 0x00000000ca200000, 0x00000000ca300000|  0%| F|  |TAMS 0x00000000ca200000, 0x00000000ca200000| Untracked 
| 163|0x00000000ca300000, 0x00000000ca300000, 0x00000000ca400000|  0%| F|  |TAMS 0x00000000ca300000, 0x00000000ca300000| Untracked 
| 164|0x00000000ca400000, 0x00000000ca400000, 0x00000000ca500000|  0%| F|  |TAMS 0x00000000ca400000, 0x00000000ca400000| Untracked 
| 165|0x00000000ca500000, 0x00000000ca500000, 0x00000000ca600000|  0%| F|  |TAMS 0x00000000ca500000, 0x00000000ca500000| Untracked 
| 166|0x00000000ca600000, 0x00000000ca6058a8, 0x00000000ca700000|  2%| E|  |TAMS 0x00000000ca600000, 0x00000000ca600000| Complete 

Card table byte_map: [0x0000025c443e0000,0x0000025c445e0000] _byte_map_base: 0x0000025c43de0000

Marking Bits (Prev, Next): (CMBitMap*) 0x0000025c3e7984c0, (CMBitMap*) 0x0000025c3e798500
 Prev Bits: [0x0000025c447e0000, 0x0000025c457e0000)
 Next Bits: [0x0000025c457e0000, 0x0000025c467e0000)

Polling page: 0x0000025c3df00000

Metaspace:

Usage:
  Non-class:     56.88 MB used.
      Class:      8.69 MB used.
       Both:     65.57 MB used.

Virtual space:
  Non-class space:       64.00 MB reserved,      57.19 MB ( 89%) committed,  1 nodes.
      Class space:        1.00 GB reserved,       8.94 MB ( <1%) committed,  1 nodes.
             Both:        1.06 GB reserved,      66.12 MB (  6%) committed. 

Chunk freelists:
   Non-Class:  6.12 MB
       Class:  7.10 MB
        Both:  13.23 MB

MaxMetaspaceSize: unlimited
CompressedClassSpaceSize: 1.00 GB
Initial GC threshold: 21.00 MB
Current GC threshold: 110.12 MB
CDS: off
MetaspaceReclaimPolicy: balanced
 - commit_granule_bytes: 65536.
 - commit_granule_words: 8192.
 - virtual_space_node_default_size: 8388608.
 - enlarge_chunks_in_place: 1.
 - new_chunks_are_fully_committed: 0.
 - uncommit_free_chunks: 1.
 - use_allocation_guard: 0.
 - handle_deallocations: 1.


Internal statistics:

num_allocs_failed_limit: 6.
num_arena_births: 1588.
num_arena_deaths: 1012.
num_vsnodes_births: 2.
num_vsnodes_deaths: 0.
num_space_committed: 1063.
num_space_uncommitted: 6.
num_chunks_returned_to_freelist: 1360.
num_chunks_taken_from_freelist: 4216.
num_chunk_merges: 499.
num_chunk_splits: 2509.
num_chunks_enlarged: 1646.
num_inconsistent_stats: 0.

CodeCache: size=49152Kb used=28081Kb max_used=28437Kb free=21071Kb
 bounds [0x0000025c413e0000, 0x0000025c42fe0000, 0x0000025c443e0000]
 total_blobs=14936 nmethods=14249 adapters=612
 compilation: enabled
              stopped_count=0, restarted_count=0
 full_count=0

Compilation events (20 events):
Event: 191448.958 Thread 0x0000025c4d036580 14450       1       org.eclipse.jdt.internal.compiler.parser.Parser::annotateTypeReference (145 bytes)
Event: 191448.958 Thread 0x0000025c4d036580 nmethod 14450 0x0000025c42dad710 code [0x0000025c42dad8e0, 0x0000025c42dadde8]
Event: 191449.829 Thread 0x0000025c4d036580 14451       1       org.eclipse.jdt.internal.compiler.parser.Parser::consumeWildcard1 (60 bytes)
Event: 191449.832 Thread 0x0000025c4d036580 nmethod 14451 0x0000025c42dad190 code [0x0000025c42dad340, 0x0000025c42dad5b8]
Event: 191450.716 Thread 0x0000025c4d036580 14452       1       java.util.concurrent.ConcurrentHashMap$TreeBin::rotateLeft (91 bytes)
Event: 191450.716 Thread 0x0000025c4d036580 nmethod 14452 0x0000025c42dacb10 code [0x0000025c42daccc0, 0x0000025c42dad058]
Event: 191452.220 Thread 0x0000025c4d036580 14453       1       java.util.concurrent.ConcurrentHashMap$TreeBin::rotateRight (91 bytes)
Event: 191452.221 Thread 0x0000025c4d036580 nmethod 14453 0x0000025c42dac490 code [0x0000025c42dac640, 0x0000025c42dac9d8]
Event: 191452.515 Thread 0x0000025c4d036580 14454       1       org.eclipse.jdt.internal.compiler.ast.Wildcard::resolveTypeArgument (8 bytes)
Event: 191452.515 Thread 0x0000025c4d036580 nmethod 14454 0x0000025c42dac190 code [0x0000025c42dac320, 0x0000025c42dac408]
Event: 191452.515 Thread 0x0000025c4d036580 14455       1       org.eclipse.jdt.internal.compiler.ast.Wildcard::internalResolveType (131 bytes)
Event: 191452.516 Thread 0x0000025c4d036580 nmethod 14455 0x0000025c42dab890 code [0x0000025c42dabaa0, 0x0000025c42dabe78]
Event: 191452.522 Thread 0x0000025c4d036580 14456       1       org.eclipse.jdt.core.dom.WildcardType::internalAnnotationsProperty (4 bytes)
Event: 191452.522 Thread 0x0000025c4d036580 nmethod 14456 0x0000025c42dab590 code [0x0000025c42dab720, 0x0000025c42dab7f8]
Event: 191454.681 Thread 0x0000025c4d036580 14457       1       org.eclipse.jdt.internal.compiler.lookup.AnnotationBinding::toString (146 bytes)
Event: 191454.682 Thread 0x0000025c4d036580 nmethod 14457 0x0000025c42daa810 code [0x0000025c42daaa80, 0x0000025c42dab0b8]
Event: 191460.431 Thread 0x0000025c4d036580 14458       1       org.eclipse.jdt.internal.compiler.lookup.ParameterizedTypeBinding::typeArguments (5 bytes)
Event: 191460.432 Thread 0x0000025c4d036580 nmethod 14458 0x0000025c42daa510 code [0x0000025c42daa6a0, 0x0000025c42daa778]
Event: 191698.843 Thread 0x0000025c4d036580 14459   !   1       sun.reflect.annotation.AnnotationParser::parseClassValue (56 bytes)
Event: 191698.844 Thread 0x0000025c4d036580 nmethod 14459 0x0000025c42da9d90 code [0x0000025c42da9fa0, 0x0000025c42daa288]

GC Heap History (20 events):
Event: 191877.458 GC heap before
{Heap before GC invocations=5478 (full 3737):
 garbage-first heap   total 171008K, used 50736K [0x00000000c0000000, 0x0000000100000000)
  region size 1024K, 1 young (1024K), 0 survivors (0K)
 Metaspace       used 67144K, committed 67712K, reserved 1114112K
  class space    used 8895K, committed 9152K, reserved 1048576K
}
Event: 191877.497 GC heap after
{Heap after GC invocations=5479 (full 3738):
 garbage-first heap   total 171008K, used 50736K [0x00000000c0000000, 0x0000000100000000)
  region size 1024K, 0 young (0K), 0 survivors (0K)
 Metaspace       used 67144K, committed 67712K, reserved 1114112K
  class space    used 8895K, committed 9152K, reserved 1048576K
}
Event: 191887.889 GC heap before
{Heap before GC invocations=5479 (full 3738):
 garbage-first heap   total 171008K, used 50736K [0x00000000c0000000, 0x0000000100000000)
  region size 1024K, 1 young (1024K), 0 survivors (0K)
 Metaspace       used 67144K, committed 67712K, reserved 1114112K
  class space    used 8895K, committed 9152K, reserved 1048576K
}
Event: 191887.938 GC heap after
{Heap after GC invocations=5480 (full 3739):
 garbage-first heap   total 171008K, used 50736K [0x00000000c0000000, 0x0000000100000000)
  region size 1024K, 0 young (0K), 0 survivors (0K)
 Metaspace       used 67144K, committed 67712K, reserved 1114112K
  class space    used 8895K, committed 9152K, reserved 1048576K
}
Event: 191898.157 GC heap before
{Heap before GC invocations=5480 (full 3739):
 garbage-first heap   total 171008K, used 50736K [0x00000000c0000000, 0x0000000100000000)
  region size 1024K, 1 young (1024K), 0 survivors (0K)
 Metaspace       used 67144K, committed 67712K, reserved 1114112K
  class space    used 8895K, committed 9152K, reserved 1048576K
}
Event: 191898.198 GC heap after
{Heap after GC invocations=5481 (full 3740):
 garbage-first heap   total 171008K, used 50736K [0x00000000c0000000, 0x0000000100000000)
  region size 1024K, 0 young (0K), 0 survivors (0K)
 Metaspace       used 67144K, committed 67712K, reserved 1114112K
  class space    used 8895K, committed 9152K, reserved 1048576K
}
Event: 191908.561 GC heap before
{Heap before GC invocations=5481 (full 3740):
 garbage-first heap   total 171008K, used 50736K [0x00000000c0000000, 0x0000000100000000)
  region size 1024K, 1 young (1024K), 0 survivors (0K)
 Metaspace       used 67144K, committed 67712K, reserved 1114112K
  class space    used 8895K, committed 9152K, reserved 1048576K
}
Event: 191908.601 GC heap after
{Heap after GC invocations=5482 (full 3741):
 garbage-first heap   total 171008K, used 50736K [0x00000000c0000000, 0x0000000100000000)
  region size 1024K, 0 young (0K), 0 survivors (0K)
 Metaspace       used 67144K, committed 67712K, reserved 1114112K
  class space    used 8895K, committed 9152K, reserved 1048576K
}
Event: 191918.705 GC heap before
{Heap before GC invocations=5482 (full 3741):
 garbage-first heap   total 171008K, used 50736K [0x00000000c0000000, 0x0000000100000000)
  region size 1024K, 1 young (1024K), 0 survivors (0K)
 Metaspace       used 67144K, committed 67712K, reserved 1114112K
  class space    used 8895K, committed 9152K, reserved 1048576K
}
Event: 191918.745 GC heap after
{Heap after GC invocations=5483 (full 3742):
 garbage-first heap   total 171008K, used 50736K [0x00000000c0000000, 0x0000000100000000)
  region size 1024K, 0 young (0K), 0 survivors (0K)
 Metaspace       used 67144K, committed 67712K, reserved 1114112K
  class space    used 8895K, committed 9152K, reserved 1048576K
}
Event: 191930.399 GC heap before
{Heap before GC invocations=5483 (full 3742):
 garbage-first heap   total 171008K, used 50736K [0x00000000c0000000, 0x0000000100000000)
  region size 1024K, 1 young (1024K), 0 survivors (0K)
 Metaspace       used 67144K, committed 67712K, reserved 1114112K
  class space    used 8895K, committed 9152K, reserved 1048576K
}
Event: 191930.441 GC heap after
{Heap after GC invocations=5484 (full 3743):
 garbage-first heap   total 171008K, used 50736K [0x00000000c0000000, 0x0000000100000000)
  region size 1024K, 0 young (0K), 0 survivors (0K)
 Metaspace       used 67144K, committed 67712K, reserved 1114112K
  class space    used 8895K, committed 9152K, reserved 1048576K
}
Event: 191940.570 GC heap before
{Heap before GC invocations=5484 (full 3743):
 garbage-first heap   total 171008K, used 50736K [0x00000000c0000000, 0x0000000100000000)
  region size 1024K, 1 young (1024K), 0 survivors (0K)
 Metaspace       used 67144K, committed 67712K, reserved 1114112K
  class space    used 8895K, committed 9152K, reserved 1048576K
}
Event: 191940.609 GC heap after
{Heap after GC invocations=5485 (full 3744):
 garbage-first heap   total 171008K, used 50736K [0x00000000c0000000, 0x0000000100000000)
  region size 1024K, 0 young (0K), 0 survivors (0K)
 Metaspace       used 67144K, committed 67712K, reserved 1114112K
  class space    used 8895K, committed 9152K, reserved 1048576K
}
Event: 191953.085 GC heap before
{Heap before GC invocations=5485 (full 3744):
 garbage-first heap   total 171008K, used 50736K [0x00000000c0000000, 0x0000000100000000)
  region size 1024K, 1 young (1024K), 0 survivors (0K)
 Metaspace       used 67144K, committed 67712K, reserved 1114112K
  class space    used 8895K, committed 9152K, reserved 1048576K
}
Event: 191953.127 GC heap after
{Heap after GC invocations=5486 (full 3745):
 garbage-first heap   total 171008K, used 50736K [0x00000000c0000000, 0x0000000100000000)
  region size 1024K, 0 young (0K), 0 survivors (0K)
 Metaspace       used 67144K, committed 67712K, reserved 1114112K
  class space    used 8895K, committed 9152K, reserved 1048576K
}
Event: 191963.493 GC heap before
{Heap before GC invocations=5486 (full 3745):
 garbage-first heap   total 171008K, used 50736K [0x00000000c0000000, 0x0000000100000000)
  region size 1024K, 1 young (1024K), 0 survivors (0K)
 Metaspace       used 67144K, committed 67712K, reserved 1114112K
  class space    used 8895K, committed 9152K, reserved 1048576K
}
Event: 191963.534 GC heap after
{Heap after GC invocations=5487 (full 3746):
 garbage-first heap   total 171008K, used 50736K [0x00000000c0000000, 0x0000000100000000)
  region size 1024K, 0 young (0K), 0 survivors (0K)
 Metaspace       used 67144K, committed 67712K, reserved 1114112K
  class space    used 8895K, committed 9152K, reserved 1048576K
}
Event: 191974.179 GC heap before
{Heap before GC invocations=5487 (full 3746):
 garbage-first heap   total 171008K, used 50736K [0x00000000c0000000, 0x0000000100000000)
  region size 1024K, 1 young (1024K), 0 survivors (0K)
 Metaspace       used 67144K, committed 67712K, reserved 1114112K
  class space    used 8895K, committed 9152K, reserved 1048576K
}
Event: 191974.220 GC heap after
{Heap after GC invocations=5488 (full 3747):
 garbage-first heap   total 171008K, used 50736K [0x00000000c0000000, 0x0000000100000000)
  region size 1024K, 0 young (0K), 0 survivors (0K)
 Metaspace       used 67144K, committed 67712K, reserved 1114112K
  class space    used 8895K, committed 9152K, reserved 1048576K
}

Dll operation events (10 events):
Event: 0.006 Loaded shared library c:\Users\marco\.vscode\extensions\redhat.java-1.32.0-win32-x64\jre\17.0.11-win32-x86_64\bin\java.dll
Event: 0.856 Loaded shared library C:\Users\marco\.vscode\extensions\redhat.java-1.32.0-win32-x64\jre\17.0.11-win32-x86_64\bin\net.dll
Event: 0.857 Loaded shared library C:\Users\marco\.vscode\extensions\redhat.java-1.32.0-win32-x64\jre\17.0.11-win32-x86_64\bin\nio.dll
Event: 0.870 Loaded shared library C:\Users\marco\.vscode\extensions\redhat.java-1.32.0-win32-x64\jre\17.0.11-win32-x86_64\bin\zip.dll
Event: 2.031 Loaded shared library C:\Users\marco\.vscode\extensions\redhat.java-1.32.0-win32-x64\jre\17.0.11-win32-x86_64\bin\jimage.dll
Event: 6.866 Loaded shared library c:\Users\marco\.vscode\extensions\redhat.java-1.32.0-win32-x64\jre\17.0.11-win32-x86_64\bin\verify.dll
Event: 24.698 Loaded shared library C:\Users\marco\.vscode\extensions\redhat.java-1.32.0-win32-x64\jre\17.0.11-win32-x86_64\bin\management.dll
Event: 24.702 Loaded shared library C:\Users\marco\.vscode\extensions\redhat.java-1.32.0-win32-x64\jre\17.0.11-win32-x86_64\bin\management_ext.dll
Event: 26.547 Loaded shared library C:\Users\marco\.vscode\extensions\redhat.java-1.32.0-win32-x64\jre\17.0.11-win32-x86_64\bin\sunmscapi.dll
Event: 26.897 Loaded shared library C:\Users\marco\.vscode\extensions\redhat.java-1.32.0-win32-x64\jre\17.0.11-win32-x86_64\bin\extnet.dll

Deoptimization events (20 events):
Event: 28.809 Thread 0x0000025c4e829080 DEOPT PACKING pc=0x0000025c41f2544c sp=0x00000079bddfe740
Event: 28.809 Thread 0x0000025c4e829080 DEOPT UNPACKING pc=0x0000025c4143ace3 sp=0x00000079bddfdc38 mode 0
Event: 28.816 Thread 0x0000025c4e829080 DEOPT PACKING pc=0x0000025c41f20e8c sp=0x00000079bddfeab0
Event: 28.816 Thread 0x0000025c4e829080 DEOPT UNPACKING pc=0x0000025c4143ace3 sp=0x00000079bddfe018 mode 0
Event: 28.816 Thread 0x0000025c4e829080 DEOPT PACKING pc=0x0000025c41f2544c sp=0x00000079bddfebe0
Event: 28.816 Thread 0x0000025c4e829080 DEOPT UNPACKING pc=0x0000025c4143ace3 sp=0x00000079bddfe0d8 mode 0
Event: 143.539 Thread 0x0000025c4e745eb0 DEOPT PACKING pc=0x0000025c415e08d4 sp=0x00000079bcffee90
Event: 143.539 Thread 0x0000025c4e745eb0 DEOPT UNPACKING pc=0x0000025c4143ace3 sp=0x00000079bcffe338 mode 0
Event: 3574.685 Thread 0x0000025c4e8b55c0 DEOPT PACKING pc=0x0000025c4217d604 sp=0x00000079bb5fd9b0
Event: 3574.685 Thread 0x0000025c4e8b55c0 DEOPT UNPACKING pc=0x0000025c4143ace3 sp=0x00000079bb5fce28 mode 0
Event: 167447.697 Thread 0x0000025c4e8bb5f0 DEOPT PACKING pc=0x0000025c41f7eb34 sp=0x00000079bb5fdf10
Event: 167447.697 Thread 0x0000025c4e8bb5f0 DEOPT UNPACKING pc=0x0000025c4143ace3 sp=0x00000079bb5fd458 mode 0
Event: 167447.885 Thread 0x0000025c4e8b8d70 DEOPT PACKING pc=0x0000025c41ea524c sp=0x00000079bc5fd9f0
Event: 167447.885 Thread 0x0000025c4e8b8d70 DEOPT UNPACKING pc=0x0000025c4143ace3 sp=0x00000079bc5fceb0 mode 0
Event: 174251.815 Thread 0x0000025c4e829fb0 DEOPT PACKING pc=0x0000025c423a3954 sp=0x00000079bb5fded0
Event: 174251.815 Thread 0x0000025c4e829fb0 DEOPT UNPACKING pc=0x0000025c4143ace3 sp=0x00000079bb5fd408 mode 0
Event: 174251.815 Thread 0x0000025c4e829fb0 DEOPT PACKING pc=0x0000025c4239fedc sp=0x00000079bb5fe010
Event: 174251.815 Thread 0x0000025c4e829fb0 DEOPT UNPACKING pc=0x0000025c4143ace3 sp=0x00000079bb5fd608 mode 0
Event: 188059.329 Thread 0x0000025c4e8b9ca0 DEOPT PACKING pc=0x0000025c4202d5bc sp=0x00000079bd6fe240
Event: 188059.332 Thread 0x0000025c4e8b9ca0 DEOPT UNPACKING pc=0x0000025c4143ace3 sp=0x00000079bd6fd728 mode 0

Classes unloaded (20 events):
Event: 190700.409 Thread 0x0000025c48cd91f0 Unloading class 0x00000001008e8400 'jdk/internal/reflect/GeneratedConstructorAccessor231'
Event: 190700.409 Thread 0x0000025c48cd91f0 Unloading class 0x00000001008e8000 'jdk/internal/reflect/GeneratedMethodAccessor151'
Event: 190700.409 Thread 0x0000025c48cd91f0 Unloading class 0x0000000100806400 'jdk/internal/reflect/GeneratedConstructorAccessor230'
Event: 190700.409 Thread 0x0000025c48cd91f0 Unloading class 0x00000001007d1400 'jdk/internal/reflect/GeneratedMethodAccessor150'
Event: 190700.409 Thread 0x0000025c48cd91f0 Unloading class 0x00000001007f9000 'jdk/internal/reflect/GeneratedMethodAccessor149'
Event: 190700.409 Thread 0x0000025c48cd91f0 Unloading class 0x00000001007d0800 'jdk/internal/reflect/GeneratedMethodAccessor148'
Event: 191626.820 Thread 0x0000025c48cd91f0 Unloading class 0x0000000100808c00 'jdk/internal/reflect/GeneratedConstructorAccessor251'
Event: 191626.820 Thread 0x0000025c48cd91f0 Unloading class 0x0000000100808800 'jdk/internal/reflect/GeneratedMethodAccessor160'
Event: 191626.820 Thread 0x0000025c48cd91f0 Unloading class 0x0000000100808400 'jdk/internal/reflect/GeneratedConstructorAccessor250'
Event: 191626.820 Thread 0x0000025c48cd91f0 Unloading class 0x0000000100808000 'jdk/internal/reflect/GeneratedConstructorAccessor249'
Event: 191626.820 Thread 0x0000025c48cd91f0 Unloading class 0x00000001008eac00 'jdk/internal/reflect/GeneratedConstructorAccessor248'
Event: 191626.820 Thread 0x0000025c48cd91f0 Unloading class 0x00000001008ea800 'jdk/internal/reflect/GeneratedConstructorAccessor247'
Event: 191626.820 Thread 0x0000025c48cd91f0 Unloading class 0x00000001008e9c00 'jdk/internal/reflect/GeneratedConstructorAccessor246'
Event: 191626.820 Thread 0x0000025c48cd91f0 Unloading class 0x00000001008e9800 'jdk/internal/reflect/GeneratedMethodAccessor159'
Event: 191626.820 Thread 0x0000025c48cd91f0 Unloading class 0x00000001007d0800 'jdk/internal/reflect/GeneratedConstructorAccessor245'
Event: 191626.820 Thread 0x0000025c48cd91f0 Unloading class 0x00000001007f9000 'jdk/internal/reflect/GeneratedMethodAccessor158'
Event: 191626.820 Thread 0x0000025c48cd91f0 Unloading class 0x00000001007d1400 'jdk/internal/reflect/GeneratedConstructorAccessor244'
Event: 191626.820 Thread 0x0000025c48cd91f0 Unloading class 0x0000000100806400 'jdk/internal/reflect/GeneratedMethodAccessor157'
Event: 191626.820 Thread 0x0000025c48cd91f0 Unloading class 0x00000001008ea000 'jdk/internal/reflect/GeneratedMethodAccessor156'
Event: 191626.820 Thread 0x0000025c48cd91f0 Unloading class 0x00000001008e9400 'jdk/internal/reflect/GeneratedMethodAccessor155'

Classes redefined (0 events):
No events

Internal exceptions (20 events):
Event: 191473.706 Thread 0x0000025c4e829aa0 Exception <a 'java/lang/ClassCastException'{0x00000000c8aa1d88}> (0x00000000c8aa1d88) 
thrown [s\src\hotspot\share\runtime\sharedRuntime.cpp, line 631]
Event: 191475.257 Thread 0x0000025c4e829aa0 Exception <a 'java/lang/ClassCastException'{0x00000000c5aafc10}> (0x00000000c5aafc10) 
thrown [s\src\hotspot\share\runtime\sharedRuntime.cpp, line 631]
Event: 191476.224 Thread 0x0000025c4e82a4c0 Exception <a 'java/lang/ClassCastException'{0x00000000c8aa6b98}> (0x00000000c8aa6b98) 
thrown [s\src\hotspot\share\runtime\sharedRuntime.cpp, line 631]
Event: 191476.225 Thread 0x0000025c4e829aa0 Exception <a 'java/lang/ClassCastException'{0x00000000c8809418}> (0x00000000c8809418) 
thrown [s\src\hotspot\share\runtime\sharedRuntime.cpp, line 631]
Event: 191476.326 Thread 0x0000025c4e8b9790 Implicit null exception at 0x0000025c4274eb37 to 0x0000025c4274ec5a
Event: 191476.327 Thread 0x0000025c4e8b9790 Exception <a 'java/lang/NullPointerException'{0x00000000c8f09118}> (0x00000000c8f09118) 
thrown [s\src\hotspot\share\runtime\sharedRuntime.cpp, line 631]
Event: 191476.380 Thread 0x0000025c4e829aa0 Exception <a 'java/lang/ClassCastException'{0x00000000c7c7b490}> (0x00000000c7c7b490) 
thrown [s\src\hotspot\share\runtime\sharedRuntime.cpp, line 631]
Event: 191477.384 Thread 0x0000025c4e829aa0 Exception <a 'java/lang/ClassCastException'{0x00000000c6ef4ff0}> (0x00000000c6ef4ff0) 
thrown [s\src\hotspot\share\runtime\sharedRuntime.cpp, line 631]
Event: 191479.952 Thread 0x0000025c4e829aa0 Exception <a 'java/lang/ClassCastException'{0x00000000c85aa2c0}> (0x00000000c85aa2c0) 
thrown [s\src\hotspot\share\runtime\sharedRuntime.cpp, line 631]
Event: 191480.614 Thread 0x0000025c4e829aa0 Exception <a 'java/lang/ClassCastException'{0x00000000c77ffa30}> (0x00000000c77ffa30) 
thrown [s\src\hotspot\share\runtime\sharedRuntime.cpp, line 631]
Event: 191480.688 Thread 0x0000025c4e8b8350 Implicit null exception at 0x0000025c4274eb37 to 0x0000025c4274ec5a
Event: 191480.688 Thread 0x0000025c4e8b8350 Exception <a 'java/lang/NullPointerException'{0x00000000c7caaeb8}> (0x00000000c7caaeb8) 
thrown [s\src\hotspot\share\runtime\sharedRuntime.cpp, line 631]
Event: 191480.688 Thread 0x0000025c4e8b9790 Implicit null exception at 0x0000025c4274eb37 to 0x0000025c4274ec5a
Event: 191480.688 Thread 0x0000025c4e8b9790 Exception <a 'java/lang/NullPointerException'{0x00000000c7422fb0}> (0x00000000c7422fb0) 
thrown [s\src\hotspot\share\runtime\sharedRuntime.cpp, line 631]
Event: 191480.731 Thread 0x0000025c4e8b6f10 Exception <a 'java/lang/ClassCastException'{0x00000000c6bec588}> (0x00000000c6bec588) 
thrown [s\src\hotspot\share\runtime\sharedRuntime.cpp, line 631]
Event: 191481.152 Thread 0x0000025c4e8b6f10 Exception <a 'java/lang/ClassCastException'{0x00000000c5f9c050}> (0x00000000c5f9c050) 
thrown [s\src\hotspot\share\runtime\sharedRuntime.cpp, line 631]
Event: 191484.152 Thread 0x0000025c4e8b6f10 Exception <a 'java/lang/ClassCastException'{0x00000000c6f94128}> (0x00000000c6f94128) 
thrown [s\src\hotspot\share\runtime\sharedRuntime.cpp, line 631]
Event: 191670.658 Thread 0x0000025c4e8b9790 Exception <a 'java/lang/ClassCastException'{0x00000000c9f5ac58}> (0x00000000c9f5ac58) 
thrown [s\src\hotspot\share\runtime\sharedRuntime.cpp, line 631]
Event: 191696.839 Thread 0x0000025c4e8b9790 Exception <a 'java/lang/ClassCastException'{0x00000000c8c3e408}> (0x00000000c8c3e408) 
thrown [s\src\hotspot\share\runtime\sharedRuntime.cpp, line 631]
Event: 191698.524 Thread 0x0000025c4e8b9790 Exception <a 'java/lang/ClassCastException'{0x00000000c61e09f8}> (0x00000000c61e09f8) 
thrown [s\src\hotspot\share\runtime\sharedRuntime.cpp, line 631]

VM Operations (20 events):
Event: 191877.497 Executing VM operation: G1CollectFull done
Event: 191887.889 Executing VM operation: G1CollectFull
Event: 191887.938 Executing VM operation: G1CollectFull done
Event: 191898.157 Executing VM operation: G1CollectFull
Event: 191898.198 Executing VM operation: G1CollectFull done
Event: 191908.561 Executing VM operation: G1CollectFull
Event: 191908.601 Executing VM operation: G1CollectFull done
Event: 191918.705 Executing VM operation: G1CollectFull
Event: 191918.745 Executing VM operation: G1CollectFull done
Event: 191930.399 Executing VM operation: G1CollectFull
Event: 191930.442 Executing VM operation: G1CollectFull done
Event: 191940.569 Executing VM operation: G1CollectFull
Event: 191940.609 Executing VM operation: G1CollectFull done
Event: 191953.085 Executing VM operation: G1CollectFull
Event: 191953.127 Executing VM operation: G1CollectFull done
Event: 191963.493 Executing VM operation: G1CollectFull
Event: 191963.534 Executing VM operation: G1CollectFull done
Event: 191974.179 Executing VM operation: G1CollectFull
Event: 191974.220 Executing VM operation: G1CollectFull done
Event: 191984.695 Executing VM operation: G1CollectFull

Events (20 events):
Event: 191553.933 Thread 0x0000025c4e829fb0 Thread exited: 0x0000025c4e829fb0
Event: 191556.212 Thread 0x0000025c4e82b900 Thread exited: 0x0000025c4e82b900
Event: 191557.837 Thread 0x0000025c4e8b7420 Thread exited: 0x0000025c4e8b7420
Event: 191558.016 Thread 0x0000025c4e8b9790 Thread exited: 0x0000025c4e8b9790
Event: 191558.017 Thread 0x0000025c4e8b6f10 Thread exited: 0x0000025c4e8b6f10
Event: 191617.841 Thread 0x0000025c4e82b3f0 Thread exited: 0x0000025c4e82b3f0
Event: 191663.366 Thread 0x0000025c4e8b8d70 Thread added: 0x0000025c4e8b8d70
Event: 191663.387 Thread 0x0000025c4e8b9790 Thread added: 0x0000025c4e8b9790
Event: 191696.805 Thread 0x0000025c4e8b9ca0 Thread added: 0x0000025c4e8b9ca0
Event: 191696.874 Thread 0x0000025c4e8b5fe0 Thread added: 0x0000025c4e8b5fe0
Event: 191698.766 Thread 0x0000025c4e8bb5f0 Thread added: 0x0000025c4e8bb5f0
Event: 191698.767 Thread 0x0000025c4e8b8350 Thread added: 0x0000025c4e8b8350
Event: 191698.783 Thread 0x0000025c4e8b6a00 Thread added: 0x0000025c4e8b6a00
Event: 191698.783 Thread 0x0000025c4e8bc010 Thread added: 0x0000025c4e8bc010
Event: 191699.356 Thread 0x0000025c4e8b6f10 Thread added: 0x0000025c4e8b6f10
Event: 191759.480 Thread 0x0000025c4e8b9790 Thread exited: 0x0000025c4e8b9790
Event: 191759.481 Thread 0x0000025c4e8b9ca0 Thread exited: 0x0000025c4e8b9ca0
Event: 191760.250 Thread 0x0000025c4e8b5fe0 Thread exited: 0x0000025c4e8b5fe0
Event: 191760.349 Thread 0x0000025c4e8bb5f0 Thread exited: 0x0000025c4e8bb5f0
Event: 191820.255 Thread 0x0000025c4e8b6a00 Thread exited: 0x0000025c4e8b6a00


Dynamic libraries:
0x00007ff6d5c10000 - 0x00007ff6d5c1e000 	c:\Users\marco\.vscode\extensions\redhat.java-1.32.0-win32-x64\jre\17.0.11-win32-x86_64\bin\java.exe
0x00007ffdc1290000 - 0x00007ffdc14a7000 	C:\WINDOWS\SYSTEM32\ntdll.dll
0x00007ffdbf600000 - 0x00007ffdbf6c4000 	C:\WINDOWS\System32\KERNEL32.DLL
0x00007ffdbe940000 - 0x00007ffdbeced000 	C:\WINDOWS\System32\KERNELBASE.dll
0x00007ffdbe820000 - 0x00007ffdbe931000 	C:\WINDOWS\System32\ucrtbase.dll
0x00007ffd8c4e0000 - 0x00007ffd8c4f7000 	c:\Users\marco\.vscode\extensions\redhat.java-1.32.0-win32-x64\jre\17.0.11-win32-x86_64\bin\jli.dll
0x00007ffdc04a0000 - 0x00007ffdc064e000 	C:\WINDOWS\System32\USER32.dll
0x00007ffdbe7f0000 - 0x00007ffdbe816000 	C:\WINDOWS\System32\win32u.dll
0x00007ffdc1220000 - 0x00007ffdc1249000 	C:\WINDOWS\System32\GDI32.dll
0x00007ffdbeeb0000 - 0x00007ffdbefc9000 	C:\WINDOWS\System32\gdi32full.dll
0x00007ffdbede0000 - 0x00007ffdbee7a000 	C:\WINDOWS\System32\msvcp_win.dll
0x00007ffd8bee0000 - 0x00007ffd8befb000 	c:\Users\marco\.vscode\extensions\redhat.java-1.32.0-win32-x64\jre\17.0.11-win32-x86_64\bin\VCRUNTIME140.dll
0x00007ffda1f70000 - 0x00007ffda2203000 	C:\WINDOWS\WinSxS\amd64_microsoft.windows.common-controls_6595b64144ccf1df_6.0.22621.3672_none_2713b9d173822955\COMCTL32.dll
0x00007ffdc0360000 - 0x00007ffdc0407000 	C:\WINDOWS\System32\msvcrt.dll
0x00007ffdc0ca0000 - 0x00007ffdc0cd1000 	C:\WINDOWS\System32\IMM32.DLL
0x00007ffda4320000 - 0x00007ffda432c000 	c:\Users\marco\.vscode\extensions\redhat.java-1.32.0-win32-x64\jre\17.0.11-win32-x86_64\bin\vcruntime140_1.dll
0x00007ffd58db0000 - 0x00007ffd58e3d000 	c:\Users\marco\.vscode\extensions\redhat.java-1.32.0-win32-x64\jre\17.0.11-win32-x86_64\bin\msvcp140.dll
0x00007ffd58140000 - 0x00007ffd58da2000 	c:\Users\marco\.vscode\extensions\redhat.java-1.32.0-win32-x64\jre\17.0.11-win32-x86_64\bin\server\jvm.dll
0x00007ffdc0ce0000 - 0x00007ffdc0d92000 	C:\WINDOWS\System32\ADVAPI32.dll
0x00007ffdbf2e0000 - 0x00007ffdbf389000 	C:\WINDOWS\System32\sechost.dll
0x00007ffdbee80000 - 0x00007ffdbeea8000 	C:\WINDOWS\System32\bcrypt.dll
0x00007ffdc0230000 - 0x00007ffdc0344000 	C:\WINDOWS\System32\RPCRT4.dll
0x00007ffdbde30000 - 0x00007ffdbde7d000 	C:\WINDOWS\SYSTEM32\POWRPROF.dll
0x00007ffd9d1e0000 - 0x00007ffd9d1e9000 	C:\WINDOWS\SYSTEM32\WSOCK32.dll
0x00007ffdc0410000 - 0x00007ffdc0481000 	C:\WINDOWS\System32\WS2_32.dll
0x00007ffdb4dc0000 - 0x00007ffdb4df4000 	C:\WINDOWS\SYSTEM32\WINMM.dll
0x00007ffdb4990000 - 0x00007ffdb499a000 	C:\WINDOWS\SYSTEM32\VERSION.dll
0x00007ffdbde10000 - 0x00007ffdbde23000 	C:\WINDOWS\SYSTEM32\UMPDC.dll
0x00007ffdbd5c0000 - 0x00007ffdbd5d8000 	C:\WINDOWS\SYSTEM32\kernel.appcore.dll
0x00007ffd9f340000 - 0x00007ffd9f34a000 	c:\Users\marco\.vscode\extensions\redhat.java-1.32.0-win32-x64\jre\17.0.11-win32-x86_64\bin\jimage.dll
0x00007ffdb7f50000 - 0x00007ffdb8182000 	C:\WINDOWS\SYSTEM32\DBGHELP.DLL
0x00007ffdc07b0000 - 0x00007ffdc0b38000 	C:\WINDOWS\System32\combase.dll
0x00007ffdbf200000 - 0x00007ffdbf2d7000 	C:\WINDOWS\System32\OLEAUT32.dll
0x00007ffd9d080000 - 0x00007ffd9d0b2000 	C:\WINDOWS\SYSTEM32\dbgcore.DLL
0x00007ffdbecf0000 - 0x00007ffdbed6b000 	C:\WINDOWS\System32\bcryptPrimitives.dll
0x00007ffd73fc0000 - 0x00007ffd73fe5000 	c:\Users\marco\.vscode\extensions\redhat.java-1.32.0-win32-x64\jre\17.0.11-win32-x86_64\bin\java.dll
0x00007ffdaa600000 - 0x00007ffdaa618000 	c:\Users\marco\.vscode\extensions\redhat.java-1.32.0-win32-x64\jre\17.0.11-win32-x86_64\bin\zip.dll
0x00007ffdbf9b0000 - 0x00007ffdc020f000 	C:\WINDOWS\System32\SHELL32.dll
0x00007ffdbc4c0000 - 0x00007ffdbcdbc000 	C:\WINDOWS\SYSTEM32\windows.storage.dll
0x00007ffdbc380000 - 0x00007ffdbc4bf000 	C:\WINDOWS\SYSTEM32\wintypes.dll
0x00007ffdc06b0000 - 0x00007ffdc07a4000 	C:\WINDOWS\System32\SHCORE.dll
0x00007ffdc0c40000 - 0x00007ffdc0c9e000 	C:\WINDOWS\System32\shlwapi.dll
0x00007ffdbe4f0000 - 0x00007ffdbe511000 	C:\WINDOWS\SYSTEM32\profapi.dll
0x00007ffd83660000 - 0x00007ffd83679000 	C:\Users\marco\.vscode\extensions\redhat.java-1.32.0-win32-x64\jre\17.0.11-win32-x86_64\bin\net.dll
0x00007ffdb8570000 - 0x00007ffdb86a6000 	C:\WINDOWS\SYSTEM32\WINHTTP.dll
0x00007ffdbda20000 - 0x00007ffdbda89000 	C:\WINDOWS\system32\mswsock.dll
0x00007ffd83640000 - 0x00007ffd83656000 	C:\Users\marco\.vscode\extensions\redhat.java-1.32.0-win32-x64\jre\17.0.11-win32-x86_64\bin\nio.dll
0x00007ffdae110000 - 0x00007ffdae120000 	c:\Users\marco\.vscode\extensions\redhat.java-1.32.0-win32-x64\jre\17.0.11-win32-x86_64\bin\verify.dll
0x00007ffdbdd10000 - 0x00007ffdbdd2b000 	C:\WINDOWS\SYSTEM32\CRYPTSP.dll
0x00007ffdbd520000 - 0x00007ffdbd555000 	C:\WINDOWS\system32\rsaenh.dll
0x00007ffdbdbb0000 - 0x00007ffdbdbd8000 	C:\WINDOWS\SYSTEM32\USERENV.dll
0x00007ffdbdd30000 - 0x00007ffdbdd3c000 	C:\WINDOWS\SYSTEM32\CRYPTBASE.dll
0x00007ffdbd0b0000 - 0x00007ffdbd0dd000 	C:\WINDOWS\SYSTEM32\IPHLPAPI.DLL
0x00007ffdc0350000 - 0x00007ffdc0359000 	C:\WINDOWS\System32\NSI.dll
0x00007ffdba630000 - 0x00007ffdba649000 	C:\WINDOWS\SYSTEM32\dhcpcsvc6.DLL
0x00007ffdb8510000 - 0x00007ffdb852f000 	C:\WINDOWS\SYSTEM32\dhcpcsvc.DLL
0x00007ffdbd0e0000 - 0x00007ffdbd1d8000 	C:\WINDOWS\SYSTEM32\DNSAPI.dll
0x00007ffd8c280000 - 0x00007ffd8c289000 	C:\Users\marco\.vscode\extensions\redhat.java-1.32.0-win32-x64\jre\17.0.11-win32-x86_64\bin\management.dll
0x00007ffd8c220000 - 0x00007ffd8c22b000 	C:\Users\marco\.vscode\extensions\redhat.java-1.32.0-win32-x64\jre\17.0.11-win32-x86_64\bin\management_ext.dll
0x00007ffdbf9a0000 - 0x00007ffdbf9a8000 	C:\WINDOWS\System32\PSAPI.DLL
0x00007ffdabe50000 - 0x00007ffdabe5e000 	C:\Users\marco\.vscode\extensions\redhat.java-1.32.0-win32-x64\jre\17.0.11-win32-x86_64\bin\sunmscapi.dll
0x00007ffdbe680000 - 0x00007ffdbe7e7000 	C:\WINDOWS\System32\CRYPT32.dll
0x00007ffdbdf70000 - 0x00007ffdbdf9e000 	C:\WINDOWS\SYSTEM32\ncrypt.dll
0x00007ffdbdf30000 - 0x00007ffdbdf67000 	C:\WINDOWS\SYSTEM32\NTASN1.dll
0x00007ffdb26a0000 - 0x00007ffdb26aa000 	C:\Windows\System32\rasadhlp.dll
0x00007ffdb49c0000 - 0x00007ffdb4a43000 	C:\WINDOWS\System32\fwpuclnt.dll
0x00007ffda43a0000 - 0x00007ffda43a9000 	C:\Users\marco\.vscode\extensions\redhat.java-1.32.0-win32-x64\jre\17.0.11-win32-x86_64\bin\extnet.dll

dbghelp: loaded successfully - version: 4.0.5 - missing functions: none
symbol engine: initialized successfully - sym options: 0x614 - pdb path: .;c:\Users\marco\.vscode\extensions\redhat.java-1.32.0-win32-x64\jre\17.0.11-win32-x86_64\bin;C:\WINDOWS\SYSTEM32;C:\WINDOWS\WinSxS\amd64_microsoft.windows.common-controls_6595b64144ccf1df_6.0.22621.3672_none_2713b9d173822955;c:\Users\marco\.vscode\extensions\redhat.java-1.32.0-win32-x64\jre\17.0.11-win32-x86_64\bin\server

VM Arguments:
jvm_args: -Xmx1024m -Dsts.lsp.client=vscode -Dsts.log.file=/dev/null -XX:TieredStopAtLevel=1 -Xlog:jni+resolve=off -Dspring.config.location=file:c:\Users\marco\.vscode\extensions\vmware.vscode-spring-boot-1.55.1\language-server\BOOT-INF\classes\application.properties 
java_command: org.springframework.ide.vscode.boot.app.BootLanguageServerBootApp
java_class_path (initial): c:\Users\marco\.vscode\extensions\vmware.vscode-spring-boot-1.55.1\language-server\BOOT-INF\classes;c:\Users\marco\.vscode\extensions\vmware.vscode-spring-boot-1.55.1\language-server\BOOT-INF\lib\annotations-24.1.0.jar;c:\Users\marco\.vscode\extensions\vmware.vscode-spring-boot-1.55.1\language-server\BOOT-INF\lib\antlr4-runtime-4.13.1.jar;c:\Users\marco\.vscode\extensions\vmware.vscode-spring-boot-1.55.1\language-server\BOOT-INF\lib\asm-9.7.jar;c:\Users\marco\.vscode\extensions\vmware.vscode-spring-boot-1.55.1\language-server\BOOT-INF\lib\asm-analysis-9.7.jar;c:\Users\marco\.vscode\extensions\vmware.vscode-spring-boot-1.55.1\language-server\BOOT-INF\lib\asm-tree-9.7.jar;c:\Users\marco\.vscode\extensions\vmware.vscode-spring-boot-1.55.1\language-server\BOOT-INF\lib\asm-util-9.7.jar;c:\Users\marco\.vscode\extensions\vmware.vscode-spring-boot-1.55.1\language-server\BOOT-INF\lib\caffeine-3.1.8.jar;c:\Users\marco\.vscode\extensions\vmware.vscode-spring-boot-1.55.1\language-server\BOOT-INF\lib\checker-qual-3.12.0.jar;c:\Users\marco\.vscode\extensions\vmware.vscode-spring-boot-1.55.1\language-server\BOOT-INF\lib\classgraph-4.8.149.jar;c:\Users\marco\.vscode\extensions\vmware.vscode-spring-boot-1.55.1\language-server\BOOT-INF\lib\commons-codec-1.16.1.jar;c:\Users\marco\.vscode\extensions\vmware.vscode-spring-boot-1.55.1\language-server\BOOT-INF\lib\commons-compress-1.26.1.jar;c:\Users\marco\.vscode\extensions\vmware.vscode-spring-boot-1.55.1\language-server\BOOT-INF\lib\commons-io-2.16.1.jar;c:\Users\marco\.vscode\extensions\vmware.vscode-spring-boot-1.55.1\language-server\BOOT-INF\lib\commons-java-1.55.1-SNAPSHOT.jar;c:\Users\marco\.vscode\extensions\vmware.vscode-spring-boot-1.55.1\language-server\BOOT-INF\lib\commons-lang3-3.14.0.jar;c:\Users\marco\.vscode\extensions\vmware.vscode-spring-boot-1.55.1\language-server\BOOT-INF\lib\commons-language-server-1.55.1-SNAPSHOT.jar;c:\Users\marco\.vscode\extensions\vmware.vscode-spring-boot-1.55.1\langu
Launcher Type: SUN_STANDARD

[Global flags]
     intx CICompilerCount                          = 3                                         {product} {ergonomic}
     uint ConcGCThreads                            = 1                                         {product} {ergonomic}
     uint G1ConcRefinementThreads                  = 4                                         {product} {ergonomic}
   size_t G1HeapRegionSize                         = 1048576                                   {product} {ergonomic}
    uintx GCDrainStackTargetSize                   = 64                                        {product} {ergonomic}
   size_t InitialHeapSize                          = 199229440                                 {product} {ergonomic}
   size_t MarkStackSize                            = 4194304                                   {product} {ergonomic}
   size_t MaxHeapSize                              = 1073741824                                {product} {command line}
   size_t MaxNewSize                               = 643825664                                 {product} {ergonomic}
   size_t MinHeapDeltaBytes                        = 1048576                                   {product} {ergonomic}
   size_t MinHeapSize                              = 8388608                                   {product} {ergonomic}
    uintx NonProfiledCodeHeapSize                  = 0                                      {pd product} {ergonomic}
     bool ProfileInterpreter                       = false                                  {pd product} {command line}
    uintx ProfiledCodeHeapSize                     = 0                                      {pd product} {ergonomic}
   size_t SoftMaxHeapSize                          = 1073741824                             {manageable} {ergonomic}
     intx TieredStopAtLevel                        = 1                                         {product} {command line}
     bool UseCompressedClassPointers               = true                           {product lp64_product} {ergonomic}
     bool UseCompressedOops                        = true                           {product lp64_product} {ergonomic}
     bool UseG1GC                                  = true                                      {product} {ergonomic}
     bool UseLargePagesIndividualAllocation        = false                                  {pd product} {ergonomic}

Logging:
Log output configuration:
 #0: stdout all=warning,jni+resolve=off uptime,level,tags
 #1: stderr all=off uptime,level,tags

Environment Variables:
JAVA_HOME=C:\Program Files\Java\jdk-17
PATH=C:\Program Files\Common Files\Oracle\Java\javapath;C:\WINDOWS\system32;C:\WINDOWS;C:\WINDOWS\System32\Wbem;C:\WINDOWS\System32\WindowsPowerShell\v1.0\;C:\WINDOWS\System32\OpenSSH\;C:\Program Files\Git\cmd;C:\MinGW\bin;C:\src\flutter\bin;C:\android_sdk\platform-tools;C:\android_sdk\emulator;C:\android_sdk\cmdline-tools\tools\bin;C:\Program Files\nodejs\;C:\Program Files\Java\jdk-17\bin;C:\apache-maven-3.9.6\bin;C:\Program Files\PuTTY\;C:\Program Files\dotnet\;C:\Users\marco\AppData\Local\Microsoft\WindowsApps;C:\Users\marco\AppData\Local\Programs\Microsoft VS Code\bin;C:\src\flutter\bin;C:\android_sdk\cmdline-tools\latest\bin;C:\android_sdk\platform-tools;C:\android_sdk\emulator;;C:\Program Files\JetBrains\IntelliJ IDEA 2023.2\bin;;C:\Program Files\Azure Data Studio\bin;C:\Users\marco\AppData\Roaming\npm;C:\Users\marco\.dotnet\tools
USERNAME=marco
OS=Windows_NT
PROCESSOR_IDENTIFIER=Intel64 Family 6 Model 140 Stepping 1, GenuineIntel
TMP=C:\Users\marco\AppData\Local\Temp
TEMP=C:\Users\marco\AppData\Local\Temp



Periodic native trim disabled


---------------  S Y S T E M  ---------------

OS:
 Windows 11 , 64 bit Build 22621 (10.0.22621.3672)
OS uptime: 3 days 4:09 hours
Hyper-V role detected

CPU: total 4 (initial active 4) (2 cores per cpu, 2 threads per core) family 6 model 140 stepping 1 microcode 0x8a, cx8, cmov, fxsr, ht, mmx, 3dnowpref, sse, sse2, sse3, ssse3, sse4.1, sse4.2, popcnt, lzcnt, tsc, tscinvbit, avx, avx2, aes, erms, clmul, bmi1, bmi2, adx, avx512f, avx512dq, avx512cd, avx512bw, avx512vl, sha, fma, vzeroupper, avx512_vpopcntdq, avx512_vpclmulqdq, avx512_vaes, avx512_vnni, clflush, clflushopt, clwb, avx512_vbmi2, avx512_vbmi, hv
Processor Information for all 4 processors :
  Max Mhz: 2995, Current Mhz: 2995, Mhz Limit: 2995

Memory: 4k page, system-wide physical 12087M (325M free)
TotalPageFile size 22087M (AvailPageFile size 5M)
current process WorkingSet (physical memory assigned to process): 258M, peak: 517M
current process commit charge ("private bytes"): 369M, peak: 605M

vm_info: OpenJDK 64-Bit Server VM (17.0.11+9) for windows-amd64 JRE (17.0.11+9), built on Apr 17 2024 06:07:48 by "admin" with MS VC++ 16.10 / 16.11 (VS2019)

END.
